 - 20:25:49:679 - ACBrSAT.Inicializado
 - 20:26:54:774 - ACBrSAT.Inicializado
 - 20:28:26:414 - ACBrSAT.Inicializado
 - 20:32:43:320 - ACBrSAT.Inicializado
 - 20:33:28:789 - ACBrSAT.Inicializado
 - 20:37:07:555 - ACBrSAT.Inicializado
 - 20:42:22:586 - ACBrSAT.Inicializado
 - 20:43:56:915 - ACBrSAT.Inicializado
 - 20:48:02:759 - ACBrSAT.Inicializado
 - 20:52:45:915 - ACBrSAT.Inicializado
 - 20:53:53:307 - ACBrSAT.Inicializado
 - 20:55:34:306 - ACBrSAT.Inicializado
 - 20:56:42:509 - ACBrSAT.Inicializado
 - 20:57:22:869 - ACBrSAT.Inicializado
 - 20:59:13:572 - ACBrSAT.Inicializado
 - 21:03:12:041 - ACBrSAT.Inicializado
 - 21:38:46:589 - ACBrSAT.Inicializado
 - 21:40:13:214 - ACBrSAT.Inicializado
 - 18:05:48:633 - ACBrSAT.Inicializado
 - 18:08:22:038 - -- 18:08:22:038 - numeroSessao: 367248 - Comando: EnviarDadosVenda( <?xml version="1.0" encoding="UTF-8"?>
<CFe>
   <infCFe versaoDadosEnt="0.06">
      <ide>
         <CNPJ>11111111111111</CNPJ>
         <signAC>eije1111111111111111111111111111111111111111111111111111111111111111111111111111111111111111111111111111111111111111111111111111111111111111111111111111111111111111111111111111111111111111111111111111111111111111111111111111111111111111111111111111111111111111111111111111111111111111111111111111111111111111111111111111111111111111111111111111</signAC>
         <numeroCaixa>001</numeroCaixa>
      </ide>
      <emit>
         <CNPJ>11111111111111</CNPJ>
         <IE>111111111111</IE>
         <IM>123123</IM>
         <cRegTribISSQN>1</cRegTribISSQN>
         <indRatISSQN>N</indRatISSQN>
      </emit>
      <dest>
      </dest>
      <det nItem="1">
         <prod>
            <cProd>7896019606226</cProd>
            <cEAN>7896019606226</cEAN>
            <xProd>NOTA FISCAL EMITIDA EM AMBIENTE DE HOMOLOGACAO - SEM VALOR FISCAL</xProd>
            <NCM>17049010</NCM>
            <CFOP>5102</CFOP>
            <uCom>UN</uCom>
            <qCom>1.0000</qCom>
            <vUnCom>6.00</vUnCom>
            <indRegra>A</indRegra>
         </prod>
         <imposto>
            <vItem12741>0.72</vItem12741>
            <ICMS>
               <ICMSSN102>
                  <Orig>0</Orig>
                  <CSOSN>102</CSOSN>
               </ICMSSN102>
            </ICMS>
            <PIS>
               <PISSN>
                  <CST>49</CST>
               </PISSN>
            </PIS>
            <COFINS>
               <COFINSSN>
                  <CST>49</CST>
               </COFINSSN>
            </COFINS>
         </imposto>
      </det>
      <total>
         <vCFeLei12741>0.72</vCFeLei12741>
      </total>
      <pgto>
         <MP>
            <cMP>01</cMP>
            <vMP>6.00</vMP>
         </MP>
      </pgto>
      <infAdic>
         <infCpl>SAT - T2Ti.COM</infCpl>
      </infAdic>
   </infCFe>
</CFe> )
 - 18:08:23:507 - NumeroSessao: 367248 - Resposta:367248|06000|0000|Emitido com sucesso + conteúdo notas|||PENGZT48aW5mQ0ZlIElkPSJDRmUzNTE2MDIxMTExMTExMTExMTExMTU5MTIzNDU2Nzg5MDAwMDMw
MjYwNjQyMCIgdmVyc2FvPSIwLjA2IiB2ZXJzYW9EYWRvc0VudD0iMC4wNiIgdmVyc2FvU0I9IjAw
MDAwMyI+PGlkZT48Y1VGPjM1PC9jVUY+PGNORj4yNjA2NDI8L2NORj48bW9kPjU5PC9tb2Q+PG5z
ZXJpZVNBVD4xMjM0NTY3ODk8L25zZXJpZVNBVD48bkNGZT4wMDAwMzA8L25DRmU+PGRFbWk+MjAx
NjAyMDM8L2RFbWk+PGhFbWk+MTgwODIyPC9oRW1pPjxjRFY+MDwvY0RWPjx0cEFtYj4yPC90cEFt
Yj48Q05QSj4xMTExMTExMTExMTExMTwvQ05QSj48c2lnbkFDPmVpamUxMTExMTExMTExMTExMTEx
MTExMTExMTExMTExMTExMTExMTExMTExMTExMTExMTExMTExMTExMTExMTExMTExMTExMTExMTEx
MTExMTExMTExMTExMTExMTExMTExMTExMTExMTExMTExMTExMTExMTExMTExMTExMTExMTExMTEx
MTExMTExMTExMTExMTExMTExMTExMTExMTExMTExMTExMTExMTExMTExMTExMTExMTExMTExMTEx
MTExMTExMTExMTExMTExMTExMTExMTExMTExMTExMTExMTExMTExMTExMTExMTExMTExMTExMTEx
MTExMTExMTExMTExMTExMTExMTExMTExMTExMTExMTExMTExMTExMTExMTExMTExMTExMTExMTEx
MTExMTExMTExMTExMTExMTExMTExMTExMTExMTExMTExMTExMTExPC9zaWduQUM+PGFzc2luYXR1
cmFRUkNPREU+enA5MHRmVUZ4dDVCc002ek9ZbWZkdTJuSjZ5TU9lZXhEeWJ5ck0vWjJuYWV2QkpQ
OW50T3RVMElEb2FNZ2h2eFVRYkM5ZnhkVDh2SGExOEVtYjVESC9Ncmp3WDRrSi8xOFZmT3Y0S08w
RkVTRjgrT0VTYXhyM2pNZTdRUE9yYk54MnZXb0o4dHFDUUg2ZFpWcC8wQXp4WXRQcUFMTXcwbXhX
ZStidUFJWXRRR1hEb09ReERpY3VrREdQaEliTlVGVktpMTRJdlNWRzVaSjJrVzBxMGhHcGJrODFM
ZHU0b2RVQkJnODdGOUgvL2RWcXAyclo5N1pITmFlbUdiblUwYTJtbGE4aElHU3ZNUWt0Z0NKQnB0
NXJlbzZZZVlZOFozR3R4NTNYdHJnT2JkWDZ2end3dmZTc3VSWjBhdzAwczRkN2RJczdlL21uUmxy
LzQxb2wxUlZ3PT08L2Fzc2luYXR1cmFRUkNPREU+PG51bWVyb0NhaXhhPjAwMTwvbnVtZXJvQ2Fp
eGE+PC9pZGU+PGVtaXQ+PENOUEo+MTExMTExMTExMTExMTE8L0NOUEo+PHhOb21lPkVzdGFiZWxl
Y2ltZW50byBkZSBUZXN0ZSAyPC94Tm9tZT48eEZhbnQ+RXN0YWJlbGVjaW1lbnRvIEZhbnRhc2lh
IDI8L3hGYW50PjxlbmRlckVtaXQ+PHhMZ3I+cnVhIGRhcyBmbG9yZXM8L3hMZ3I+PG5ybz4xMDA1
PC9ucm8+PHhDcGw+ZnJlbnRlPC94Q3BsPjx4QmFpcnJvPmNlbnRybzwveEJhaXJybz48eE11bj5T
YW8gUGF1bG88L3hNdW4+PENFUD4wMDAwMDAwMDwvQ0VQPjwvZW5kZXJFbWl0PjxJRT4xMTExMTEx
MTExMTE8L0lFPjxJTT4xMjMxMjM8L0lNPjxjUmVnVHJpYj4zPC9jUmVnVHJpYj48Y1JlZ1RyaWJJ
U1NRTj4xPC9jUmVnVHJpYklTU1FOPjxpbmRSYXRJU1NRTj5OPC9pbmRSYXRJU1NRTj48L2VtaXQ+
PGRlc3QvPjxkZXQgbkl0ZW09IjEiPjxwcm9kPjxjUHJvZD43ODk2MDE5NjA2MjI2PC9jUHJvZD48
Y0VBTj43ODk2MDE5NjA2MjI2PC9jRUFOPjx4UHJvZD5OT1RBIEZJU0NBTCBFTUlUSURBIEVNIEFN
QklFTlRFIERFIEhPTU9MT0dBQ0FPIC0gU0VNIFZBTE9SIEZJU0NBTDwveFByb2Q+PE5DTT4xNzA0
OTAxMDwvTkNNPjxDRk9QPjUxMDI8L0NGT1A+PHVDb20+VU48L3VDb20+PHFDb20+MS4wMDAwPC9x
Q29tPjx2VW5Db20+Ni4wMDwvdlVuQ29tPjx2UHJvZD42LjAwPC92UHJvZD48aW5kUmVncmE+QTwv
aW5kUmVncmE+PHZJdGVtPjYuMDA8L3ZJdGVtPjwvcHJvZD48aW1wb3N0bz48dkl0ZW0xMjc0MT4w
LjcyPC92SXRlbTEyNzQxPjxJQ01TPjxJQ01TU04xMDI+PE9yaWc+MDwvT3JpZz48Q1NPU04+MTAy
PC9DU09TTj48L0lDTVNTTjEwMj48L0lDTVM+PFBJUz48UElTU04+PENTVD40OTwvQ1NUPjwvUElT
U04+PC9QSVM+PENPRklOUz48Q09GSU5TU04+PENTVD40OTwvQ1NUPjwvQ09GSU5TU04+PC9DT0ZJ
TlM+PC9pbXBvc3RvPjwvZGV0Pjx0b3RhbD48SUNNU1RvdD48dklDTVM+MC4wMDwvdklDTVM+PHZQ
cm9kPjYuMDA8L3ZQcm9kPjx2RGVzYz4wLjAwPC92RGVzYz48dlBJUz4wLjAwPC92UElTPjx2Q09G
SU5TPjAuMDA8L3ZDT0ZJTlM+PHZQSVNTVD4wLjAwPC92UElTU1Q+PHZDT0ZJTlNTVD4wLjAwPC92
Q09GSU5TU1Q+PHZPdXRybz4wLjAwPC92T3V0cm8+PC9JQ01TVG90Pjx2Q0ZlPjYuMDA8L3ZDRmU+
PHZDRmVMZWkxMjc0MT4wLjcyPC92Q0ZlTGVpMTI3NDE+PC90b3RhbD48cGd0bz48TVA+PGNNUD4w
MTwvY01QPjx2TVA+Ni4wMDwvdk1QPjwvTVA+PHZUcm9jbz4wLjAwPC92VHJvY28+PC9wZ3RvPjxp
bmZBZGljPjxpbmZDcGw+U0FUIC0gVDJUaS5DT008L2luZkNwbD48L2luZkFkaWM+PC9pbmZDRmU+
PFNpZ25hdHVyZSB4bWxucz0iaHR0cDovL3d3dy53My5vcmcvMjAwMC8wOS94bWxkc2lnIyI+PFNp
Z25lZEluZm8+PENhbm9uaWNhbGl6YXRpb25NZXRob2QgQWxnb3JpdGhtPSJodHRwOi8vd3d3Lncz
Lm9yZy9UUi8yMDAxL1JFQy14bWwtYzE0bi0yMDAxMDMxNSIvPjxTaWduYXR1cmVNZXRob2QgQWxn
b3JpdGhtPSJodHRwOi8vd3d3LnczLm9yZy8yMDAxLzA0L3htbGRzaWctbW9yZSNyc2Etc2hhMjU2
Ii8+PFJlZmVyZW5jZSBVUkk9IiNDRmUzNTE2MDIxMTExMTExMTExMTExMTU5MTIzNDU2Nzg5MDAw
MDMwMjYwNjQyMCI+PFRyYW5zZm9ybXM+PFRyYW5zZm9ybSBBbGdvcml0aG09Imh0dHA6Ly93d3cu
dzMub3JnLzIwMDAvMDkveG1sZHNpZyNlbnZlbG9wZWQtc2lnbmF0dXJlIi8+PFRyYW5zZm9ybSBB
bGdvcml0aG09Imh0dHA6Ly93d3cudzMub3JnL1RSLzIwMDEvUkVDLXhtbC1jMTRuLTIwMDEwMzE1
Ii8+PC9UcmFuc2Zvcm1zPjxEaWdlc3RNZXRob2QgQWxnb3JpdGhtPSJodHRwOi8vd3d3LnczLm9y
Zy8yMDAxLzA0L3htbGVuYyNzaGEyNTYiLz48RGlnZXN0VmFsdWU+OTdKREYwQUJqMGhOayt3UllY
TlR6VUNCOHg1U2RkZzZXcURzNFp3T2VMUT08L0RpZ2VzdFZhbHVlPjwvUmVmZXJlbmNlPjwvU2ln
bmVkSW5mbz48U2lnbmF0dXJlVmFsdWU+alpuU2p3ZTRSb2pja2xMWTJZNmJramQvRTUzT2dVNFpW
ZCtFNnBObXRLeG9qUFd4TzJRUldRVzJhNmFsSjBVdzZXZmk2U0dCYzBZUnJEU0JUT1IrQ2JFczlx
UzE0UlVoU3hMZGJzNnVXZkh0ZkpsK05NVG00NHYvR0w4ekQvTGVVZkZqUUZpTFhONmtrVVlrUE5o
NW1OeVdVRFNtSUQvUVZXQ3RhVDczTnFZbUlsMXVYV3ZsZGhXQ002QTFZaGZqdkwzQXZaTVV5OFZN
cTJ1YWNjWnA4LzFubzNld2JuWUlEanN6MXhQWVV6Q1RrOUJVYXI3dXBnSjlyWUVqcGhiQnNKa1U1
a1dmTGx3QzM1MjZoNWMyeW1xQW9RY2g3ekNDN2RlY0FGcVRZUlZ1Qy9kOEZtSGZOcmpBc2FnYnp3
RmpQbUZTbmxZWUl6ZitoM0xpdDlaQ0Z3PT08L1NpZ25hdHVyZVZhbHVlPjxLZXlJbmZvPjxYNTA5
RGF0YT48WDUwOUNlcnRpZmljYXRlPk1JSUN5VENDQWJHZ0F3SUJBZ0lJT2FSVndXdDVtbmN3RFFZ
SktvWklodmNOQVFFTEJRQXdEakVNTUFvR0ExVUVCaE1EVTBGVU1CNFhEVEUyTURFd056SXpNREF5
TTFvWERURTNNVEl5TnpJek1EQXlNMW93RGpFTU1Bb0dBMVVFQ3d3RFUwRlVNSUlCSWpBTkJna3Fo
a2lHOXcwQkFRRUZBQU9DQVE4QU1JSUJDZ0tDQVFFQTA4VHcrTnMvN0pDeTBhOHZFWVRxNmF3Q05k
amgwakxWYkswRGlPTHo3cEU0SXJHeHZJNk52OFBTZUZNWHFIZDJNa1JueTEvdEZyYTcrNXA2YXpF
cHJuNkJCSjJxcEpnaS9JKzlHSXFGUTZrUENxcG9wa0hGYVdBQnUrRDZpUnRKYm8yWG1ENnZ2WUx6
QVh4OVZTNllLNnFONVJFN003ckdVOEpiai83SytDNk54ZXI3bEpMeGRGWVFVdTB3L1BlYWpCbnp0
V3lZNS9lQTZiMjJJNndrRVh1bkt0OHdwU1oxM21xUW5OSlVJSWgrbmFLTE5SQkVTSUFDdEtTYVZD
WkxMWXNuOXdmTHBhUmlZM2k1bktRM1FQS24yNmtGMXBnWlNFcHJCa0lWTnFIOTdMZFgranJXNFBL
M0JIbWorWm1JZk10Yk9qUmZmandOWFVPRkF0Zm80d0lEQVFBQm95c3dLVEFuQmdOVkhSRUVJREFl
b0J3R0NDc0dBUVVGQndnRm9CQU1EbmQzZHk1ellYUXVZMjl0TG1KeU1BMEdDU3FHU0liM0RRRUJD
d1VBQTRJQkFRQjlmcnRWNTIzaWJEU0ptUUd1cEliZkpmSlZJQWRuTXI4T2UxNzFoTlpaRStnVVVi
MFRkaTFPSnhLcE9JdURUMXV4R29LZzZvb0hHdjBta090Ry9CbmpSeTd0a2pwejNwakVSaWhhcGds
UHpNWVNzRGF1K3dIcXJTMHV4ZW9ISFk3aGtoOWcxRWNzd2x2cWNQdy9sMXE1WGxJSGxNdUdpM0da
ZjlVVUdEWlZ6Vnoyc0xmeWd6L1NVYm42bEhlTmRWa1NLRktnTUFONGc1Tk5kOXVEdkMxVXV5SFY2
R3NkM3AvdUVKL3pxNEYxNlRubnpnYXo0akJFc2JMM24xTU1kVUZGT1EvbisySDJyNUpRY3Q0VXM5
dlIwT3djMGw4WXM0anFLUFFKTkN0M1dDNjE2aVFva2hqbGQwMEZ0TkFSUVAzUVkvSkVBdzN6Tmow
R0p6NnExYXFsPC9YNTA5Q2VydGlmaWNhdGU+PC9YNTA5RGF0YT48L0tleUluZm8+PC9TaWduYXR1
cmU+PC9DRmU+|20160203180822|CFe35160211111111111111591234567890000302606420|6.00||zp90tfUFxt5BsM6zOYmfdu2nJ6yMOeexDybyrM/Z2naevBJP9ntOtU0IDoaMghvxUQbC9fxdT8vHa18Emb5DH/MrjwX4kJ/18VfOv4KO0FESF8+OESaxr3jMe7QPOrbNx2vWoJ8tqCQH6dZVp/0AzxYtPqALMw0mxWe+buAIYtQGXDoOQxDicukDGPhIbNUFVKi14IvSVG5ZJ2kW0q0hGpbk81Ldu4odUBBg87F9H//dVqp2rZ97ZHNaemGbnU0a2mla8hIGSvMQktgCJBpt5reo6YeYY8Z3Gtx53XtrgObdX6vzwwvfSsuRZ0aw00s4d7dIs7e/mnRlr/41ol1RVw==
 - 22:48:17:802 - ACBrSAT.Inicializado
 - 01:38:54:952 - ACBrSAT.Inicializado
 - 01:39:55:358 - -- 01:39:55:358 - numeroSessao: 47809 - Comando: EnviarDadosVenda( <?xml version="1.0" encoding="UTF-8"?>
<CFe>
   <infCFe versaoDadosEnt="0.06">
      <ide>
         <CNPJ>11111111111111</CNPJ>
         <signAC>eije1111111111111111111111111111111111111111111111111111111111111111111111111111111111111111111111111111111111111111111111111111111111111111111111111111111111111111111111111111111111111111111111111111111111111111111111111111111111111111111111111111111111111111111111111111111111111111111111111111111111111111111111111111111111111111111111111111</signAC>
         <numeroCaixa>001</numeroCaixa>
      </ide>
      <emit>
         <CNPJ>11111111111111</CNPJ>
         <IE>111111111111</IE>
         <IM>123123</IM>
         <cRegTribISSQN>1</cRegTribISSQN>
         <indRatISSQN>N</indRatISSQN>
      </emit>
      <dest>
      </dest>
      <det nItem="1">
         <prod>
            <cProd>7896019606226</cProd>
            <cEAN>7896019606226</cEAN>
            <xProd>NOTA FISCAL EMITIDA EM AMBIENTE DE HOMOLOGACAO - SEM VALOR FISCAL</xProd>
            <NCM>17049010</NCM>
            <CFOP>5102</CFOP>
            <uCom>UN</uCom>
            <qCom>1.0000</qCom>
            <vUnCom>6.00</vUnCom>
            <indRegra>A</indRegra>
         </prod>
         <imposto>
            <vItem12741>0.72</vItem12741>
            <ICMS>
               <ICMSSN102>
                  <Orig>0</Orig>
                  <CSOSN>102</CSOSN>
               </ICMSSN102>
            </ICMS>
            <PIS>
               <PISSN>
                  <CST>49</CST>
               </PISSN>
            </PIS>
            <COFINS>
               <COFINSSN>
                  <CST>49</CST>
               </COFINSSN>
            </COFINS>
         </imposto>
      </det>
      <total>
         <vCFeLei12741>0.72</vCFeLei12741>
      </total>
      <pgto>
         <MP>
            <cMP>01</cMP>
            <vMP>6.00</vMP>
         </MP>
      </pgto>
      <infAdic>
         <infCpl>SAT - T2Ti.COM</infCpl>
      </infAdic>
   </infCFe>
</CFe> )
 - 01:39:56:233 - NumeroSessao: 47809 - Resposta:047809|06000|0000|Emitido com sucesso + conteúdo notas|||PENGZT48aW5mQ0ZlIElkPSJDRmUzNTE2MDIxMTExMTExMTExMTExMTU5MTIzNDU2Nzg5MDAwMDMx
MzYzNzEwMSIgdmVyc2FvPSIwLjA2IiB2ZXJzYW9EYWRvc0VudD0iMC4wNiIgdmVyc2FvU0I9IjAw
MDAwMyI+PGlkZT48Y1VGPjM1PC9jVUY+PGNORj4zNjM3MTA8L2NORj48bW9kPjU5PC9tb2Q+PG5z
ZXJpZVNBVD4xMjM0NTY3ODk8L25zZXJpZVNBVD48bkNGZT4wMDAwMzE8L25DRmU+PGRFbWk+MjAx
NjAyMDQ8L2RFbWk+PGhFbWk+MDEzOTU1PC9oRW1pPjxjRFY+MTwvY0RWPjx0cEFtYj4yPC90cEFt
Yj48Q05QSj4xMTExMTExMTExMTExMTwvQ05QSj48c2lnbkFDPmVpamUxMTExMTExMTExMTExMTEx
MTExMTExMTExMTExMTExMTExMTExMTExMTExMTExMTExMTExMTExMTExMTExMTExMTExMTExMTEx
MTExMTExMTExMTExMTExMTExMTExMTExMTExMTExMTExMTExMTExMTExMTExMTExMTExMTExMTEx
MTExMTExMTExMTExMTExMTExMTExMTExMTExMTExMTExMTExMTExMTExMTExMTExMTExMTExMTEx
MTExMTExMTExMTExMTExMTExMTExMTExMTExMTExMTExMTExMTExMTExMTExMTExMTExMTExMTEx
MTExMTExMTExMTExMTExMTExMTExMTExMTExMTExMTExMTExMTExMTExMTExMTExMTExMTExMTEx
MTExMTExMTExMTExMTExMTExMTExMTExMTExMTExMTExMTExMTExPC9zaWduQUM+PGFzc2luYXR1
cmFRUkNPREU+alhMMlVldW5uaTZrVWZ3d3VrekppajkxTjl2V0EzWDJrc2RETzAvQktLT2x2RGkr
QzJRVDk2SE5JUVE4KzFYNTBTUUpQcllRb0NKZDVQMGtYQVdTZG1MTXE2bGZsYjdKSC9PREdkRkRu
SGJtQXZaaFZGNzhlditmL0JxZ3BIc3hCOXpWZ1B4bWJhakMvMHJIZWtMZXNibjh5eW5acTgramky
TXdibW04eG16bW83Sk1jVzNmTytJWEZqOTFVOGFob1VORFR5amJVeCtFV08waWVMa3MzU2FVZDkv
SGdSS1UveEJVUUY0OHNNMHNBZVhEeUwrYjRVYWkvNkpCUUIydEVxUkFNTHFHbEMyY0w0bmZxVHJ0
cktVakVzbmtVR1p6OEdRZ2Z1Zjd1UWhkcEU0YzgvK2NmK2hvLzh3ZGZ1ZUd2bnRrMGVYaGltSmlJ
bVYzU0NlS0x3PT08L2Fzc2luYXR1cmFRUkNPREU+PG51bWVyb0NhaXhhPjAwMTwvbnVtZXJvQ2Fp
eGE+PC9pZGU+PGVtaXQ+PENOUEo+MTExMTExMTExMTExMTE8L0NOUEo+PHhOb21lPkVzdGFiZWxl
Y2ltZW50byBkZSBUZXN0ZSAyPC94Tm9tZT48eEZhbnQ+RXN0YWJlbGVjaW1lbnRvIEZhbnRhc2lh
IDI8L3hGYW50PjxlbmRlckVtaXQ+PHhMZ3I+cnVhIGRhcyBmbG9yZXM8L3hMZ3I+PG5ybz4xMDA1
PC9ucm8+PHhDcGw+ZnJlbnRlPC94Q3BsPjx4QmFpcnJvPmNlbnRybzwveEJhaXJybz48eE11bj5T
YW8gUGF1bG88L3hNdW4+PENFUD4wMDAwMDAwMDwvQ0VQPjwvZW5kZXJFbWl0PjxJRT4xMTExMTEx
MTExMTE8L0lFPjxJTT4xMjMxMjM8L0lNPjxjUmVnVHJpYj4zPC9jUmVnVHJpYj48Y1JlZ1RyaWJJ
U1NRTj4xPC9jUmVnVHJpYklTU1FOPjxpbmRSYXRJU1NRTj5OPC9pbmRSYXRJU1NRTj48L2VtaXQ+
PGRlc3QvPjxkZXQgbkl0ZW09IjEiPjxwcm9kPjxjUHJvZD43ODk2MDE5NjA2MjI2PC9jUHJvZD48
Y0VBTj43ODk2MDE5NjA2MjI2PC9jRUFOPjx4UHJvZD5OT1RBIEZJU0NBTCBFTUlUSURBIEVNIEFN
QklFTlRFIERFIEhPTU9MT0dBQ0FPIC0gU0VNIFZBTE9SIEZJU0NBTDwveFByb2Q+PE5DTT4xNzA0
OTAxMDwvTkNNPjxDRk9QPjUxMDI8L0NGT1A+PHVDb20+VU48L3VDb20+PHFDb20+MS4wMDAwPC9x
Q29tPjx2VW5Db20+Ni4wMDwvdlVuQ29tPjx2UHJvZD42LjAwPC92UHJvZD48aW5kUmVncmE+QTwv
aW5kUmVncmE+PHZJdGVtPjYuMDA8L3ZJdGVtPjwvcHJvZD48aW1wb3N0bz48dkl0ZW0xMjc0MT4w
LjcyPC92SXRlbTEyNzQxPjxJQ01TPjxJQ01TU04xMDI+PE9yaWc+MDwvT3JpZz48Q1NPU04+MTAy
PC9DU09TTj48L0lDTVNTTjEwMj48L0lDTVM+PFBJUz48UElTU04+PENTVD40OTwvQ1NUPjwvUElT
U04+PC9QSVM+PENPRklOUz48Q09GSU5TU04+PENTVD40OTwvQ1NUPjwvQ09GSU5TU04+PC9DT0ZJ
TlM+PC9pbXBvc3RvPjwvZGV0Pjx0b3RhbD48SUNNU1RvdD48dklDTVM+MC4wMDwvdklDTVM+PHZQ
cm9kPjYuMDA8L3ZQcm9kPjx2RGVzYz4wLjAwPC92RGVzYz48dlBJUz4wLjAwPC92UElTPjx2Q09G
SU5TPjAuMDA8L3ZDT0ZJTlM+PHZQSVNTVD4wLjAwPC92UElTU1Q+PHZDT0ZJTlNTVD4wLjAwPC92
Q09GSU5TU1Q+PHZPdXRybz4wLjAwPC92T3V0cm8+PC9JQ01TVG90Pjx2Q0ZlPjYuMDA8L3ZDRmU+
PHZDRmVMZWkxMjc0MT4wLjcyPC92Q0ZlTGVpMTI3NDE+PC90b3RhbD48cGd0bz48TVA+PGNNUD4w
MTwvY01QPjx2TVA+Ni4wMDwvdk1QPjwvTVA+PHZUcm9jbz4wLjAwPC92VHJvY28+PC9wZ3RvPjxp
bmZBZGljPjxpbmZDcGw+U0FUIC0gVDJUaS5DT008L2luZkNwbD48L2luZkFkaWM+PC9pbmZDRmU+
PFNpZ25hdHVyZSB4bWxucz0iaHR0cDovL3d3dy53My5vcmcvMjAwMC8wOS94bWxkc2lnIyI+PFNp
Z25lZEluZm8+PENhbm9uaWNhbGl6YXRpb25NZXRob2QgQWxnb3JpdGhtPSJodHRwOi8vd3d3Lncz
Lm9yZy9UUi8yMDAxL1JFQy14bWwtYzE0bi0yMDAxMDMxNSIvPjxTaWduYXR1cmVNZXRob2QgQWxn
b3JpdGhtPSJodHRwOi8vd3d3LnczLm9yZy8yMDAxLzA0L3htbGRzaWctbW9yZSNyc2Etc2hhMjU2
Ii8+PFJlZmVyZW5jZSBVUkk9IiNDRmUzNTE2MDIxMTExMTExMTExMTExMTU5MTIzNDU2Nzg5MDAw
MDMxMzYzNzEwMSI+PFRyYW5zZm9ybXM+PFRyYW5zZm9ybSBBbGdvcml0aG09Imh0dHA6Ly93d3cu
dzMub3JnLzIwMDAvMDkveG1sZHNpZyNlbnZlbG9wZWQtc2lnbmF0dXJlIi8+PFRyYW5zZm9ybSBB
bGdvcml0aG09Imh0dHA6Ly93d3cudzMub3JnL1RSLzIwMDEvUkVDLXhtbC1jMTRuLTIwMDEwMzE1
Ii8+PC9UcmFuc2Zvcm1zPjxEaWdlc3RNZXRob2QgQWxnb3JpdGhtPSJodHRwOi8vd3d3LnczLm9y
Zy8yMDAxLzA0L3htbGVuYyNzaGEyNTYiLz48RGlnZXN0VmFsdWU+ZzRaNjN3QlFMeUZhQWcrRnZE
a1l6SVRsMXJqY1liVUZpWkQ1VmlOT1dNYz08L0RpZ2VzdFZhbHVlPjwvUmVmZXJlbmNlPjwvU2ln
bmVkSW5mbz48U2lnbmF0dXJlVmFsdWU+SCtrUEk5MWxKeXAvY1psZTdsU2JXUlh4aFZUQ2NUZ1px
NWUyOFVUTlJVNmxPSTVHVllWRTcrQTFBU0ZraS80b0l1anN6TzNqVFZqVStoTE0vUk5JV0xZUGV3
NnliMElIUWt2Vi9OOFFHMUVNN2lYaVo1eWs2eWpIYjdGeGJNYmdCRVIvWDFpNUFRMFVVMVh3WFgx
OFRUUUlkWHpmU1lYRGNaeDJtdU1YVTdtU2xFdmlkOGhQYjFaclI5dkhXVGRiQ0tqQVl3R1poMGlE
NGIzYVYrekxlNVBUM1FQZjUvVVpqeUxmeERWT2tmdFZWWXV1bGdnUlVYaGk1bkVmVTBNREMvbjBT
RG9xay9tK2o4N1daTFJza3FGWEUrMlVXemVBWmh6N1EweUFlQ1ZZaXFsRnpEem9YWVN5cTlXRm5l
Ryt6bi94enFYRzRkVHRxUUxyZHFQZkh3PT08L1NpZ25hdHVyZVZhbHVlPjxLZXlJbmZvPjxYNTA5
RGF0YT48WDUwOUNlcnRpZmljYXRlPk1JSUN5VENDQWJHZ0F3SUJBZ0lJT2FSVndXdDVtbmN3RFFZ
SktvWklodmNOQVFFTEJRQXdEakVNTUFvR0ExVUVCaE1EVTBGVU1CNFhEVEUyTURFd056SXpNREF5
TTFvWERURTNNVEl5TnpJek1EQXlNMW93RGpFTU1Bb0dBMVVFQ3d3RFUwRlVNSUlCSWpBTkJna3Fo
a2lHOXcwQkFRRUZBQU9DQVE4QU1JSUJDZ0tDQVFFQTA4VHcrTnMvN0pDeTBhOHZFWVRxNmF3Q05k
amgwakxWYkswRGlPTHo3cEU0SXJHeHZJNk52OFBTZUZNWHFIZDJNa1JueTEvdEZyYTcrNXA2YXpF
cHJuNkJCSjJxcEpnaS9JKzlHSXFGUTZrUENxcG9wa0hGYVdBQnUrRDZpUnRKYm8yWG1ENnZ2WUx6
QVh4OVZTNllLNnFONVJFN003ckdVOEpiai83SytDNk54ZXI3bEpMeGRGWVFVdTB3L1BlYWpCbnp0
V3lZNS9lQTZiMjJJNndrRVh1bkt0OHdwU1oxM21xUW5OSlVJSWgrbmFLTE5SQkVTSUFDdEtTYVZD
WkxMWXNuOXdmTHBhUmlZM2k1bktRM1FQS24yNmtGMXBnWlNFcHJCa0lWTnFIOTdMZFgranJXNFBL
M0JIbWorWm1JZk10Yk9qUmZmandOWFVPRkF0Zm80d0lEQVFBQm95c3dLVEFuQmdOVkhSRUVJREFl
b0J3R0NDc0dBUVVGQndnRm9CQU1EbmQzZHk1ellYUXVZMjl0TG1KeU1BMEdDU3FHU0liM0RRRUJD
d1VBQTRJQkFRQjlmcnRWNTIzaWJEU0ptUUd1cEliZkpmSlZJQWRuTXI4T2UxNzFoTlpaRStnVVVi
MFRkaTFPSnhLcE9JdURUMXV4R29LZzZvb0hHdjBta090Ry9CbmpSeTd0a2pwejNwakVSaWhhcGds
UHpNWVNzRGF1K3dIcXJTMHV4ZW9ISFk3aGtoOWcxRWNzd2x2cWNQdy9sMXE1WGxJSGxNdUdpM0da
ZjlVVUdEWlZ6Vnoyc0xmeWd6L1NVYm42bEhlTmRWa1NLRktnTUFONGc1Tk5kOXVEdkMxVXV5SFY2
R3NkM3AvdUVKL3pxNEYxNlRubnpnYXo0akJFc2JMM24xTU1kVUZGT1EvbisySDJyNUpRY3Q0VXM5
dlIwT3djMGw4WXM0anFLUFFKTkN0M1dDNjE2aVFva2hqbGQwMEZ0TkFSUVAzUVkvSkVBdzN6Tmow
R0p6NnExYXFsPC9YNTA5Q2VydGlmaWNhdGU+PC9YNTA5RGF0YT48L0tleUluZm8+PC9TaWduYXR1
cmU+PC9DRmU+|20160204013955|CFe35160211111111111111591234567890000313637101|6.00||jXL2Ueunni6kUfwwukzJij91N9vWA3X2ksdDO0/BKKOlvDi+C2QT96HNIQQ8+1X50SQJPrYQoCJd5P0kXAWSdmLMq6lflb7JH/ODGdFDnHbmAvZhVF78ev+f/BqgpHsxB9zVgPxmbajC/0rHekLesbn8yynZq8+ji2Mwbmm8xmzmo7JMcW3fO+IXFj91U8ahoUNDTyjbUx+EWO0ieLks3SaUd9/HgRKU/xBUQF48sM0sAeXDyL+b4Uai/6JBQB2tEqRAMLqGlC2cL4nfqTrtrKUjEsnkUGZz8GQgfuf7uQhdpE4c8/+cf+ho/8wdfueGvntk0eXhimJiImV3SCeKLw==
 - 01:41:01:437 - -- 01:41:01:437 - numeroSessao: 164534 - Comando: ConsultarSAT
 - 01:41:01:623 - NumeroSessao: 164534 - Resposta:164534|08000|SAT-CFe em operação.||
 - 01:41:55:170 - -- 01:41:55:170 - numeroSessao: 671672 - Comando: EnviarDadosVenda( <?xml version="1.0" encoding="UTF-8"?>
<CFe>
   <infCFe versaoDadosEnt="0.06">
      <ide>
         <CNPJ>11111111111111</CNPJ>
         <signAC>eije1111111111111111111111111111111111111111111111111111111111111111111111111111111111111111111111111111111111111111111111111111111111111111111111111111111111111111111111111111111111111111111111111111111111111111111111111111111111111111111111111111111111111111111111111111111111111111111111111111111111111111111111111111111111111111111111111111</signAC>
         <numeroCaixa>001</numeroCaixa>
      </ide>
      <emit>
         <CNPJ>11111111111111</CNPJ>
         <IE>111111111111</IE>
         <IM>123123</IM>
         <cRegTribISSQN>1</cRegTribISSQN>
         <indRatISSQN>N</indRatISSQN>
      </emit>
      <dest>
      </dest>
      <det nItem="1">
         <prod>
            <cProd>7896019606226</cProd>
            <cEAN>7896019606226</cEAN>
            <xProd>NOTA FISCAL EMITIDA EM AMBIENTE DE HOMOLOGACAO - SEM VALOR FISCAL</xProd>
            <NCM>17049010</NCM>
            <CFOP>5102</CFOP>
            <uCom>UN</uCom>
            <qCom>1.0000</qCom>
            <vUnCom>6.00</vUnCom>
            <indRegra>A</indRegra>
         </prod>
         <imposto>
            <vItem12741>0.72</vItem12741>
            <ICMS>
               <ICMSSN102>
                  <Orig>0</Orig>
                  <CSOSN>102</CSOSN>
               </ICMSSN102>
            </ICMS>
            <PIS>
               <PISSN>
                  <CST>49</CST>
               </PISSN>
            </PIS>
            <COFINS>
               <COFINSSN>
                  <CST>49</CST>
               </COFINSSN>
            </COFINS>
         </imposto>
      </det>
      <total>
         <DescAcrEntr>
            <vDescSubtot>1.00</vDescSubtot>
         </DescAcrEntr>
         <vCFeLei12741>0.72</vCFeLei12741>
      </total>
      <pgto>
         <MP>
            <cMP>01</cMP>
            <vMP>5.00</vMP>
         </MP>
      </pgto>
      <infAdic>
         <infCpl>SAT - T2Ti.COM</infCpl>
      </infAdic>
   </infCFe>
</CFe> )
 - 01:41:55:623 - NumeroSessao: 671672 - Resposta:671672|06000|0000|Emitido com sucesso + conteúdo notas|||PENGZT48aW5mQ0ZlIElkPSJDRmUzNTE2MDIxMTExMTExMTExMTExMTU5MTIzNDU2Nzg5MDAwMDMy
MTYxMzk4NCIgdmVyc2FvPSIwLjA2IiB2ZXJzYW9EYWRvc0VudD0iMC4wNiIgdmVyc2FvU0I9IjAw
MDAwMyI+PGlkZT48Y1VGPjM1PC9jVUY+PGNORj4xNjEzOTg8L2NORj48bW9kPjU5PC9tb2Q+PG5z
ZXJpZVNBVD4xMjM0NTY3ODk8L25zZXJpZVNBVD48bkNGZT4wMDAwMzI8L25DRmU+PGRFbWk+MjAx
NjAyMDQ8L2RFbWk+PGhFbWk+MDE0MTU1PC9oRW1pPjxjRFY+NDwvY0RWPjx0cEFtYj4yPC90cEFt
Yj48Q05QSj4xMTExMTExMTExMTExMTwvQ05QSj48c2lnbkFDPmVpamUxMTExMTExMTExMTExMTEx
MTExMTExMTExMTExMTExMTExMTExMTExMTExMTExMTExMTExMTExMTExMTExMTExMTExMTExMTEx
MTExMTExMTExMTExMTExMTExMTExMTExMTExMTExMTExMTExMTExMTExMTExMTExMTExMTExMTEx
MTExMTExMTExMTExMTExMTExMTExMTExMTExMTExMTExMTExMTExMTExMTExMTExMTExMTExMTEx
MTExMTExMTExMTExMTExMTExMTExMTExMTExMTExMTExMTExMTExMTExMTExMTExMTExMTExMTEx
MTExMTExMTExMTExMTExMTExMTExMTExMTExMTExMTExMTExMTExMTExMTExMTExMTExMTExMTEx
MTExMTExMTExMTExMTExMTExMTExMTExMTExMTExMTExMTExMTExPC9zaWduQUM+PGFzc2luYXR1
cmFRUkNPREU+ckxmM2RmZW5QeXRYWGwrL2ZmMCtoTStNZ0VFTHREY3JPb3hvcGgvY3pXYWRHUk1B
d2hzbFF3YytjV1h4WGkvZXM2RkZIdEMrRGRZaUVsWjNGMXpMcUwrbHhxcHUxR0x6YU9SQ1hZT1hY
VVEwbjNDSnA5ZW9xOGZjRXY2dis0SkdLQ1QzWExBc3dBU1dtUmpsS0h6M3g5NFlaUngvMUQ2bFk1
VU5lRXA4aEo1ME1KenlvVkZmSjUzeEEwSEFnNXJLVG83SGMyVCtQTWRKaGNmR3BDcVNzZThiMTla
VVAxZHUxMVBqdzdPY0ZEMnNDUTQyL0M4Si9jaFdWeGFnMWs5UE5RL3FmemJGaml3NkhpMExWSFZE
VzhDMVZadWpKdXhZMjA0ak0rSEJnVkhyaHJsUncvT083aitWLzk1VDh3MlAwZkUxeUZPQWh3THRz
bE05ZkVVeEFnPT08L2Fzc2luYXR1cmFRUkNPREU+PG51bWVyb0NhaXhhPjAwMTwvbnVtZXJvQ2Fp
eGE+PC9pZGU+PGVtaXQ+PENOUEo+MTExMTExMTExMTExMTE8L0NOUEo+PHhOb21lPkVzdGFiZWxl
Y2ltZW50byBkZSBUZXN0ZSAyPC94Tm9tZT48eEZhbnQ+RXN0YWJlbGVjaW1lbnRvIEZhbnRhc2lh
IDI8L3hGYW50PjxlbmRlckVtaXQ+PHhMZ3I+cnVhIGRhcyBmbG9yZXM8L3hMZ3I+PG5ybz4xMDA1
PC9ucm8+PHhDcGw+ZnJlbnRlPC94Q3BsPjx4QmFpcnJvPmNlbnRybzwveEJhaXJybz48eE11bj5T
YW8gUGF1bG88L3hNdW4+PENFUD4wMDAwMDAwMDwvQ0VQPjwvZW5kZXJFbWl0PjxJRT4xMTExMTEx
MTExMTE8L0lFPjxJTT4xMjMxMjM8L0lNPjxjUmVnVHJpYj4zPC9jUmVnVHJpYj48Y1JlZ1RyaWJJ
U1NRTj4xPC9jUmVnVHJpYklTU1FOPjxpbmRSYXRJU1NRTj5OPC9pbmRSYXRJU1NRTj48L2VtaXQ+
PGRlc3QvPjxkZXQgbkl0ZW09IjEiPjxwcm9kPjxjUHJvZD43ODk2MDE5NjA2MjI2PC9jUHJvZD48
Y0VBTj43ODk2MDE5NjA2MjI2PC9jRUFOPjx4UHJvZD5OT1RBIEZJU0NBTCBFTUlUSURBIEVNIEFN
QklFTlRFIERFIEhPTU9MT0dBQ0FPIC0gU0VNIFZBTE9SIEZJU0NBTDwveFByb2Q+PE5DTT4xNzA0
OTAxMDwvTkNNPjxDRk9QPjUxMDI8L0NGT1A+PHVDb20+VU48L3VDb20+PHFDb20+MS4wMDAwPC9x
Q29tPjx2VW5Db20+Ni4wMDwvdlVuQ29tPjx2UHJvZD42LjAwPC92UHJvZD48aW5kUmVncmE+QTwv
aW5kUmVncmE+PHZJdGVtPjUuMDA8L3ZJdGVtPjx2UmF0RGVzYz4xLjAwPC92UmF0RGVzYz48L3By
b2Q+PGltcG9zdG8+PHZJdGVtMTI3NDE+MC43Mjwvdkl0ZW0xMjc0MT48SUNNUz48SUNNU1NOMTAy
PjxPcmlnPjA8L09yaWc+PENTT1NOPjEwMjwvQ1NPU04+PC9JQ01TU04xMDI+PC9JQ01TPjxQSVM+
PFBJU1NOPjxDU1Q+NDk8L0NTVD48L1BJU1NOPjwvUElTPjxDT0ZJTlM+PENPRklOU1NOPjxDU1Q+
NDk8L0NTVD48L0NPRklOU1NOPjwvQ09GSU5TPjwvaW1wb3N0bz48L2RldD48dG90YWw+PElDTVNU
b3Q+PHZJQ01TPjAuMDA8L3ZJQ01TPjx2UHJvZD42LjAwPC92UHJvZD48dkRlc2M+MC4wMDwvdkRl
c2M+PHZQSVM+MC4wMDwvdlBJUz48dkNPRklOUz4wLjAwPC92Q09GSU5TPjx2UElTU1Q+MC4wMDwv
dlBJU1NUPjx2Q09GSU5TU1Q+MC4wMDwvdkNPRklOU1NUPjx2T3V0cm8+MC4wMDwvdk91dHJvPjwv
SUNNU1RvdD48dkNGZT41LjAwPC92Q0ZlPjxEZXNjQWNyRW50cj48dkRlc2NTdWJ0b3Q+MS4wMDwv
dkRlc2NTdWJ0b3Q+PC9EZXNjQWNyRW50cj48dkNGZUxlaTEyNzQxPjAuNzI8L3ZDRmVMZWkxMjc0
MT48L3RvdGFsPjxwZ3RvPjxNUD48Y01QPjAxPC9jTVA+PHZNUD41LjAwPC92TVA+PC9NUD48dlRy
b2NvPjAuMDA8L3ZUcm9jbz48L3BndG8+PGluZkFkaWM+PGluZkNwbD5TQVQgLSBUMlRpLkNPTTwv
aW5mQ3BsPjwvaW5mQWRpYz48L2luZkNGZT48U2lnbmF0dXJlIHhtbG5zPSJodHRwOi8vd3d3Lncz
Lm9yZy8yMDAwLzA5L3htbGRzaWcjIj48U2lnbmVkSW5mbz48Q2Fub25pY2FsaXphdGlvbk1ldGhv
ZCBBbGdvcml0aG09Imh0dHA6Ly93d3cudzMub3JnL1RSLzIwMDEvUkVDLXhtbC1jMTRuLTIwMDEw
MzE1Ii8+PFNpZ25hdHVyZU1ldGhvZCBBbGdvcml0aG09Imh0dHA6Ly93d3cudzMub3JnLzIwMDEv
MDQveG1sZHNpZy1tb3JlI3JzYS1zaGEyNTYiLz48UmVmZXJlbmNlIFVSST0iI0NGZTM1MTYwMjEx
MTExMTExMTExMTExNTkxMjM0NTY3ODkwMDAwMzIxNjEzOTg0Ij48VHJhbnNmb3Jtcz48VHJhbnNm
b3JtIEFsZ29yaXRobT0iaHR0cDovL3d3dy53My5vcmcvMjAwMC8wOS94bWxkc2lnI2VudmVsb3Bl
ZC1zaWduYXR1cmUiLz48VHJhbnNmb3JtIEFsZ29yaXRobT0iaHR0cDovL3d3dy53My5vcmcvVFIv
MjAwMS9SRUMteG1sLWMxNG4tMjAwMTAzMTUiLz48L1RyYW5zZm9ybXM+PERpZ2VzdE1ldGhvZCBB
bGdvcml0aG09Imh0dHA6Ly93d3cudzMub3JnLzIwMDEvMDQveG1sZW5jI3NoYTI1NiIvPjxEaWdl
c3RWYWx1ZT52VWVibFdxYzVQNHZrTDl3ZzNPR1lDYVJGSkp0M09VZmxhOVZIdC9kb0tBPTwvRGln
ZXN0VmFsdWU+PC9SZWZlcmVuY2U+PC9TaWduZWRJbmZvPjxTaWduYXR1cmVWYWx1ZT5wUWRZbmJZ
R0lIK2ZYNzRiN3FtbWF3K0lRYkdweUVoMTAvUEEwYmNnTEJDVEZHVi9zcWc3MHRTbVlXV1dFS3Qw
YzZIZGgxWCtzZ1hGNkZqdG1vSFZ4Ulh4WFVKWERIV3I3eEY5c2R1UUcwUnJrUFB6ZWg4U1p5cnpq
V2o0M0k4ZVNnejZDRU94ajZrc2NJZmxMSmgrckJnaFNkYmFYWFY4Nkg3azBscUMyWTlja3pzMXZ3
NmdUTlo2Wjg1MTNQZlVtNTFLN25JZitPTUgva0VIWGkxYytaWjZxMllKMHAwYmNpSHZNR05KaUto
ajhFUXJ3b3FUV3VjdTA4WWVBVkc5YlRFUURzaFF6dXB4VjN4OTJLeEE4TnVEZ1d4bW5WcHltdVlD
cTdVMlBpNGJ1dmt6cTN0SDY2MkU0QmdMYVgxZWNVR2J1T3pDRVc3K0llSlNkZE1GTVE9PTwvU2ln
bmF0dXJlVmFsdWU+PEtleUluZm8+PFg1MDlEYXRhPjxYNTA5Q2VydGlmaWNhdGU+TUlJQ3lUQ0NB
YkdnQXdJQkFnSUlPYVJWd1d0NW1uY3dEUVlKS29aSWh2Y05BUUVMQlFBd0RqRU1NQW9HQTFVRUJo
TURVMEZVTUI0WERURTJNREV3TnpJek1EQXlNMW9YRFRFM01USXlOekl6TURBeU0xb3dEakVNTUFv
R0ExVUVDd3dEVTBGVU1JSUJJakFOQmdrcWhraUc5dzBCQVFFRkFBT0NBUThBTUlJQkNnS0NBUUVB
MDhUdytOcy83SkN5MGE4dkVZVHE2YXdDTmRqaDBqTFZiSzBEaU9MejdwRTRJckd4dkk2TnY4UFNl
Rk1YcUhkMk1rUm55MS90RnJhNys1cDZhekVwcm42QkJKMnFwSmdpL0krOUdJcUZRNmtQQ3Fwb3Br
SEZhV0FCdStENmlSdEpibzJYbUQ2dnZZTHpBWHg5VlM2WUs2cU41UkU3TTdyR1U4SmJqLzdLK0M2
TnhlcjdsSkx4ZEZZUVV1MHcvUGVhakJuenRXeVk1L2VBNmIyMkk2d2tFWHVuS3Q4d3BTWjEzbXFR
bk5KVUlJaCtuYUtMTlJCRVNJQUN0S1NhVkNaTExZc245d2ZMcGFSaVkzaTVuS1EzUVBLbjI2a0Yx
cGdaU0VwckJrSVZOcUg5N0xkWCtqclc0UEszQkhtaitabUlmTXRiT2pSZmZqd05YVU9GQXRmbzR3
SURBUUFCb3lzd0tUQW5CZ05WSFJFRUlEQWVvQndHQ0NzR0FRVUZCd2dGb0JBTURuZDNkeTV6WVhR
dVkyOXRMbUp5TUEwR0NTcUdTSWIzRFFFQkN3VUFBNElCQVFCOWZydFY1MjNpYkRTSm1RR3VwSWJm
SmZKVklBZG5NcjhPZTE3MWhOWlpFK2dVVWIwVGRpMU9KeEtwT0l1RFQxdXhHb0tnNm9vSEd2MG1r
T3RHL0JualJ5N3RranB6M3BqRVJpaGFwZ2xQek1ZU3NEYXUrd0hxclMwdXhlb0hIWTdoa2g5ZzFF
Y3N3bHZxY1B3L2wxcTVYbElIbE11R2kzR1pmOVVVR0RaVnpWejJzTGZ5Z3ovU1VibjZsSGVOZFZr
U0tGS2dNQU40ZzVOTmQ5dUR2QzFVdXlIVjZHc2QzcC91RUovenE0RjE2VG5uemdhejRqQkVzYkwz
bjFNTWRVRkZPUS9uKzJIMnI1SlFjdDRVczl2UjBPd2MwbDhZczRqcUtQUUpOQ3QzV0M2MTZpUW9r
aGpsZDAwRnROQVJRUDNRWS9KRUF3M3pOajBHSno2cTFhcWw8L1g1MDlDZXJ0aWZpY2F0ZT48L1g1
MDlEYXRhPjwvS2V5SW5mbz48L1NpZ25hdHVyZT48L0NGZT4=|20160204014155|CFe35160211111111111111591234567890000321613984|5.00||rLf3dfenPytXXl+/ff0+hM+MgEELtDcrOoxoph/czWadGRMAwhslQwc+cWXxXi/es6FFHtC+DdYiElZ3F1zLqL+lxqpu1GLzaORCXYOXXUQ0n3CJp9eoq8fcEv6v+4JGKCT3XLAswASWmRjlKHz3x94YZRx/1D6lY5UNeEp8hJ50MJzyoVFfJ53xA0HAg5rKTo7Hc2T+PMdJhcfGpCqSse8b19ZUP1du11Pjw7OcFD2sCQ42/C8J/chWVxag1k9PNQ/qfzbFjiw6Hi0LVHVDW8C1VZujJuxY204jM+HBgVHrhrlRw/OO7j+V/95T8w2P0fE1yFOAhwLtslM9fEUxAg==
 - 02:23:58:988 - ACBrSAT.Inicializado
 - 02:25:14:239 - ACBrSAT.Inicializado
 - 02:25:16:769 - -- 02:25:16:769 - numeroSessao: 506816 - Comando: ConsultarStatusOperacional
 - 02:25:16:988 - NumeroSessao: 506816 - Resposta:506816|10000|Resposta com Sucesso.|||123456789|DHCP|127.127.127.100|22:d9:d0:45:17:02|255.255.000.000|127.127.127.100|127.127.127.100|127.127.127.100|CONECTADO|ALTO|1000.00|10.00|20160204022516|00.00.03|0.06|35160211111111111111591234567890000321613984|35160111111111111111591234567890000016173514|20160204022516|20160204022516|20160107|20171227|0
 - 02:26:46:550 - ACBrSAT.Inicializado
 - 02:26:49:769 - -- 02:26:49:769 - numeroSessao: 839526 - Comando: ConsultarStatusOperacional
 - 02:26:49:972 - NumeroSessao: 839526 - Resposta:839526|10000|Resposta com Sucesso.|||123456789|DHCP|127.127.127.100|22:d9:d0:45:17:02|255.255.000.000|127.127.127.100|127.127.127.100|127.127.127.100|CONECTADO|ALTO|1000.00|10.00|20160204022649|00.00.03|0.06|35160211111111111111591234567890000321613984|35160111111111111111591234567890000016173514|20160204022649|20160204022649|20160107|20171227|0
 - 02:27:42:394 - ACBrSAT.Inicializado
 - 02:28:20:550 - ACBrSAT.Inicializado
 - 02:31:25:065 - ACBrSAT.Inicializado
 - 02:33:21:736 - ACBrSAT.Inicializado
 - 02:33:21:830 - -- 02:33:21:830 - numeroSessao: 912673 - Comando: ConsultarStatusOperacional
 - 02:33:22:033 - NumeroSessao: 912673 - Resposta:912673|10000|Resposta com Sucesso.|||123456789|DHCP|127.127.127.100|22:d9:d0:45:17:02|255.255.000.000|127.127.127.100|127.127.127.100|127.127.127.100|CONECTADO|ALTO|1000.00|10.00|20160204023321|00.00.03|0.06|35160211111111111111591234567890000321613984|35160111111111111111591234567890000016173514|20160204023321|20160204023321|20160107|20171227|0
 - 02:46:48:515 - ACBrSAT.Inicializado
 - 02:51:54:482 - ACBrSAT.Inicializado
 - 02:52:56:435 - -- 02:52:56:435 - numeroSessao: 504523 - Comando: EnviarDadosVenda( <?xml version="1.0" encoding="UTF-8"?>
<CFe>
   <infCFe versaoDadosEnt="0.06">
      <ide>
         <CNPJ>11111111111111</CNPJ>
         <signAC>eije1111111111111111111111111111111111111111111111111111111111111111111111111111111111111111111111111111111111111111111111111111111111111111111111111111111111111111111111111111111111111111111111111111111111111111111111111111111111111111111111111111111111111111111111111111111111111111111111111111111111111111111111111111111111111111111111111111</signAC>
         <numeroCaixa>001</numeroCaixa>
      </ide>
      <emit>
         <CNPJ>11111111111111</CNPJ>
         <IE>111111111111</IE>
         <IM>123123</IM>
         <cRegTribISSQN>1</cRegTribISSQN>
         <indRatISSQN>N</indRatISSQN>
      </emit>
      <dest>
      </dest>
      <det nItem="1">
         <prod>
            <cProd>7896019606226</cProd>
            <cEAN>7896019606226</cEAN>
            <xProd>NOTA FISCAL EMITIDA EM AMBIENTE DE HOMOLOGACAO - SEM VALOR FISCAL</xProd>
            <NCM>17049010</NCM>
            <CFOP>5102</CFOP>
            <uCom>UN</uCom>
            <qCom>1.0000</qCom>
            <vUnCom>6.00</vUnCom>
            <indRegra>A</indRegra>
         </prod>
         <imposto>
            <vItem12741>0.72</vItem12741>
            <ICMS>
               <ICMSSN102>
                  <Orig>0</Orig>
                  <CSOSN>102</CSOSN>
               </ICMSSN102>
            </ICMS>
            <PIS>
               <PISSN>
                  <CST>49</CST>
               </PISSN>
            </PIS>
            <COFINS>
               <COFINSSN>
                  <CST>49</CST>
               </COFINSSN>
            </COFINS>
         </imposto>
      </det>
      <det nItem="2">
         <prod>
            <cProd>7897975018016</cProd>
            <cEAN>7897975018016</cEAN>
            <xProd>PRODUTO 01 DO SUBGRUPO 02 DO GRUPO 01</xProd>
            <NCM>48234000</NCM>
            <CFOP>5102</CFOP>
            <uCom>UN</uCom>
            <qCom>1.0000</qCom>
            <vUnCom>60.00</vUnCom>
            <indRegra>A</indRegra>
         </prod>
         <imposto>
            <vItem12741>7.20</vItem12741>
            <ICMS>
               <ICMSSN102>
                  <Orig>0</Orig>
                  <CSOSN>102</CSOSN>
               </ICMSSN102>
            </ICMS>
            <PIS>
               <PISSN>
                  <CST>49</CST>
               </PISSN>
            </PIS>
            <COFINS>
               <COFINSSN>
                  <CST>49</CST>
               </COFINSSN>
            </COFINS>
         </imposto>
      </det>
      <total>
         <vCFeLei12741>7.92</vCFeLei12741>
      </total>
      <pgto>
         <MP>
            <cMP>01</cMP>
            <vMP>6.00</vMP>
         </MP>
      </pgto>
      <infAdic>
         <infCpl>SAT - T2Ti.COM</infCpl>
      </infAdic>
   </infCFe>
</CFe> )
 - 02:52:56:779 - NumeroSessao: 504523 - Resposta:504523|06010|1408|Rejeição: Valor total do CF-e-SAT maior que o somatório dos valores de Meio de Pagamento empregados em seu pagamento.||
 - 02:53:22:919 - ACBrSAT.Inicializado
 - 02:53:34:622 - -- 02:53:34:622 - numeroSessao: 786979 - Comando: EnviarDadosVenda( <?xml version="1.0" encoding="UTF-8"?>
<CFe>
   <infCFe versaoDadosEnt="0.06">
      <ide>
         <CNPJ>11111111111111</CNPJ>
         <signAC>eije1111111111111111111111111111111111111111111111111111111111111111111111111111111111111111111111111111111111111111111111111111111111111111111111111111111111111111111111111111111111111111111111111111111111111111111111111111111111111111111111111111111111111111111111111111111111111111111111111111111111111111111111111111111111111111111111111111</signAC>
         <numeroCaixa>001</numeroCaixa>
      </ide>
      <emit>
         <CNPJ>11111111111111</CNPJ>
         <IE>111111111111</IE>
         <IM>123123</IM>
         <cRegTribISSQN>1</cRegTribISSQN>
         <indRatISSQN>N</indRatISSQN>
      </emit>
      <dest>
      </dest>
      <det nItem="1">
         <prod>
            <cProd>7896019606226</cProd>
            <cEAN>7896019606226</cEAN>
            <xProd>NOTA FISCAL EMITIDA EM AMBIENTE DE HOMOLOGACAO - SEM VALOR FISCAL</xProd>
            <NCM>17049010</NCM>
            <CFOP>5102</CFOP>
            <uCom>UN</uCom>
            <qCom>1.0000</qCom>
            <vUnCom>6.00</vUnCom>
            <indRegra>A</indRegra>
         </prod>
         <imposto>
            <vItem12741>0.72</vItem12741>
            <ICMS>
               <ICMSSN102>
                  <Orig>0</Orig>
                  <CSOSN>102</CSOSN>
               </ICMSSN102>
            </ICMS>
            <PIS>
               <PISSN>
                  <CST>49</CST>
               </PISSN>
            </PIS>
            <COFINS>
               <COFINSSN>
                  <CST>49</CST>
               </COFINSSN>
            </COFINS>
         </imposto>
      </det>
      <det nItem="2">
         <prod>
            <cProd>7897975018016</cProd>
            <cEAN>7897975018016</cEAN>
            <xProd>PRODUTO 01 DO SUBGRUPO 02 DO GRUPO 01</xProd>
            <NCM>48234000</NCM>
            <CFOP>5102</CFOP>
            <uCom>UN</uCom>
            <qCom>1.0000</qCom>
            <vUnCom>60.00</vUnCom>
            <indRegra>A</indRegra>
         </prod>
         <imposto>
            <vItem12741>7.20</vItem12741>
            <ICMS>
               <ICMSSN102>
                  <Orig>0</Orig>
                  <CSOSN>102</CSOSN>
               </ICMSSN102>
            </ICMS>
            <PIS>
               <PISSN>
                  <CST>49</CST>
               </PISSN>
            </PIS>
            <COFINS>
               <COFINSSN>
                  <CST>49</CST>
               </COFINSSN>
            </COFINS>
         </imposto>
      </det>
      <total>
         <vCFeLei12741>7.92</vCFeLei12741>
      </total>
      <pgto>
         <MP>
            <cMP>01</cMP>
            <vMP>6.00</vMP>
         </MP>
      </pgto>
      <infAdic>
         <infCpl>SAT - T2Ti.COM</infCpl>
      </infAdic>
   </infCFe>
</CFe> )
 - 02:53:34:935 - NumeroSessao: 786979 - Resposta:786979|06010|1408|Rejeição: Valor total do CF-e-SAT maior que o somatório dos valores de Meio de Pagamento empregados em seu pagamento.||
 - 02:53:51:060 - ACBrSAT.Inicializado
 - 02:54:00:575 - -- 02:54:00:575 - numeroSessao: 355204 - Comando: EnviarDadosVenda( <?xml version="1.0" encoding="UTF-8"?>
<CFe>
   <infCFe versaoDadosEnt="0.06">
      <ide>
         <CNPJ>11111111111111</CNPJ>
         <signAC>eije1111111111111111111111111111111111111111111111111111111111111111111111111111111111111111111111111111111111111111111111111111111111111111111111111111111111111111111111111111111111111111111111111111111111111111111111111111111111111111111111111111111111111111111111111111111111111111111111111111111111111111111111111111111111111111111111111111</signAC>
         <numeroCaixa>001</numeroCaixa>
      </ide>
      <emit>
         <CNPJ>11111111111111</CNPJ>
         <IE>111111111111</IE>
         <IM>123123</IM>
         <cRegTribISSQN>1</cRegTribISSQN>
         <indRatISSQN>N</indRatISSQN>
      </emit>
      <dest>
      </dest>
      <det nItem="1">
         <prod>
            <cProd>7896019606226</cProd>
            <cEAN>7896019606226</cEAN>
            <xProd>NOTA FISCAL EMITIDA EM AMBIENTE DE HOMOLOGACAO - SEM VALOR FISCAL</xProd>
            <NCM>17049010</NCM>
            <CFOP>5102</CFOP>
            <uCom>UN</uCom>
            <qCom>1.0000</qCom>
            <vUnCom>6.00</vUnCom>
            <indRegra>A</indRegra>
         </prod>
         <imposto>
            <vItem12741>0.72</vItem12741>
            <ICMS>
               <ICMSSN102>
                  <Orig>0</Orig>
                  <CSOSN>102</CSOSN>
               </ICMSSN102>
            </ICMS>
            <PIS>
               <PISSN>
                  <CST>49</CST>
               </PISSN>
            </PIS>
            <COFINS>
               <COFINSSN>
                  <CST>49</CST>
               </COFINSSN>
            </COFINS>
         </imposto>
      </det>
      <total>
         <vCFeLei12741>0.72</vCFeLei12741>
      </total>
      <pgto>
         <MP>
            <cMP>01</cMP>
            <vMP>6.00</vMP>
         </MP>
      </pgto>
      <infAdic>
         <infCpl>SAT - T2Ti.COM</infCpl>
      </infAdic>
   </infCFe>
</CFe> )
 - 02:54:00:903 - NumeroSessao: 355204 - Resposta:355204|06000|0000|Emitido com sucesso + conteúdo notas|||PENGZT48aW5mQ0ZlIElkPSJDRmUzNTE2MDIxMTExMTExMTExMTExMTU5MTIzNDU2Nzg5MDAwMDMz
ODkyMjc3MiIgdmVyc2FvPSIwLjA2IiB2ZXJzYW9EYWRvc0VudD0iMC4wNiIgdmVyc2FvU0I9IjAw
MDAwMyI+PGlkZT48Y1VGPjM1PC9jVUY+PGNORj44OTIyNzc8L2NORj48bW9kPjU5PC9tb2Q+PG5z
ZXJpZVNBVD4xMjM0NTY3ODk8L25zZXJpZVNBVD48bkNGZT4wMDAwMzM8L25DRmU+PGRFbWk+MjAx
NjAyMDQ8L2RFbWk+PGhFbWk+MDI1NDAwPC9oRW1pPjxjRFY+MjwvY0RWPjx0cEFtYj4yPC90cEFt
Yj48Q05QSj4xMTExMTExMTExMTExMTwvQ05QSj48c2lnbkFDPmVpamUxMTExMTExMTExMTExMTEx
MTExMTExMTExMTExMTExMTExMTExMTExMTExMTExMTExMTExMTExMTExMTExMTExMTExMTExMTEx
MTExMTExMTExMTExMTExMTExMTExMTExMTExMTExMTExMTExMTExMTExMTExMTExMTExMTExMTEx
MTExMTExMTExMTExMTExMTExMTExMTExMTExMTExMTExMTExMTExMTExMTExMTExMTExMTExMTEx
MTExMTExMTExMTExMTExMTExMTExMTExMTExMTExMTExMTExMTExMTExMTExMTExMTExMTExMTEx
MTExMTExMTExMTExMTExMTExMTExMTExMTExMTExMTExMTExMTExMTExMTExMTExMTExMTExMTEx
MTExMTExMTExMTExMTExMTExMTExMTExMTExMTExMTExMTExMTExPC9zaWduQUM+PGFzc2luYXR1
cmFRUkNPREU+VDVKS214a2ZPRnpEUkRyR1ZrTVVzUm0yT3RORnd0amUyUkluTWJjTlRPS3J2ODBQ
Z3BLNGdJcmYveElBN3Z3SmRFUDZqcGhjdWxKU3R3djh2YWg2NlNaNjVMRHp4bjV4NlA3aE1XUUhx
Mno0bDNCaElINHNyaUZhZjZNczlLWDI1Z0NXb3JHY3EyRWwxNWZYbUJ3OTRxYkRuMUZ2UUlSb28v
YzYzUllvZGFiQWhUWFJaaStNZk5YeTY4VDdmWXRac2MzazZkSzd1U1lyTGplSUQyU3FLeHp1V01J
eXZaM0Y3cWl5R1c2RE9wdTFxQXRaUDJMSDNxUjRwUHpIRittU3hxeGt1cUtwcG5NSmtLSnlSNzU5
TGFuTGdXcnNPSjAyMjJtejV2cm5uUGlHNTBHek5OWnFPNWl4SDE2NE1hQ1VvbHJWcytOSUoxdWhw
b0tpOEpzWEFBPT08L2Fzc2luYXR1cmFRUkNPREU+PG51bWVyb0NhaXhhPjAwMTwvbnVtZXJvQ2Fp
eGE+PC9pZGU+PGVtaXQ+PENOUEo+MTExMTExMTExMTExMTE8L0NOUEo+PHhOb21lPkVzdGFiZWxl
Y2ltZW50byBkZSBUZXN0ZSAyPC94Tm9tZT48eEZhbnQ+RXN0YWJlbGVjaW1lbnRvIEZhbnRhc2lh
IDI8L3hGYW50PjxlbmRlckVtaXQ+PHhMZ3I+cnVhIGRhcyBmbG9yZXM8L3hMZ3I+PG5ybz4xMDA1
PC9ucm8+PHhDcGw+ZnJlbnRlPC94Q3BsPjx4QmFpcnJvPmNlbnRybzwveEJhaXJybz48eE11bj5T
YW8gUGF1bG88L3hNdW4+PENFUD4wMDAwMDAwMDwvQ0VQPjwvZW5kZXJFbWl0PjxJRT4xMTExMTEx
MTExMTE8L0lFPjxJTT4xMjMxMjM8L0lNPjxjUmVnVHJpYj4zPC9jUmVnVHJpYj48Y1JlZ1RyaWJJ
U1NRTj4xPC9jUmVnVHJpYklTU1FOPjxpbmRSYXRJU1NRTj5OPC9pbmRSYXRJU1NRTj48L2VtaXQ+
PGRlc3QvPjxkZXQgbkl0ZW09IjEiPjxwcm9kPjxjUHJvZD43ODk2MDE5NjA2MjI2PC9jUHJvZD48
Y0VBTj43ODk2MDE5NjA2MjI2PC9jRUFOPjx4UHJvZD5OT1RBIEZJU0NBTCBFTUlUSURBIEVNIEFN
QklFTlRFIERFIEhPTU9MT0dBQ0FPIC0gU0VNIFZBTE9SIEZJU0NBTDwveFByb2Q+PE5DTT4xNzA0
OTAxMDwvTkNNPjxDRk9QPjUxMDI8L0NGT1A+PHVDb20+VU48L3VDb20+PHFDb20+MS4wMDAwPC9x
Q29tPjx2VW5Db20+Ni4wMDwvdlVuQ29tPjx2UHJvZD42LjAwPC92UHJvZD48aW5kUmVncmE+QTwv
aW5kUmVncmE+PHZJdGVtPjYuMDA8L3ZJdGVtPjwvcHJvZD48aW1wb3N0bz48dkl0ZW0xMjc0MT4w
LjcyPC92SXRlbTEyNzQxPjxJQ01TPjxJQ01TU04xMDI+PE9yaWc+MDwvT3JpZz48Q1NPU04+MTAy
PC9DU09TTj48L0lDTVNTTjEwMj48L0lDTVM+PFBJUz48UElTU04+PENTVD40OTwvQ1NUPjwvUElT
U04+PC9QSVM+PENPRklOUz48Q09GSU5TU04+PENTVD40OTwvQ1NUPjwvQ09GSU5TU04+PC9DT0ZJ
TlM+PC9pbXBvc3RvPjwvZGV0Pjx0b3RhbD48SUNNU1RvdD48dklDTVM+MC4wMDwvdklDTVM+PHZQ
cm9kPjYuMDA8L3ZQcm9kPjx2RGVzYz4wLjAwPC92RGVzYz48dlBJUz4wLjAwPC92UElTPjx2Q09G
SU5TPjAuMDA8L3ZDT0ZJTlM+PHZQSVNTVD4wLjAwPC92UElTU1Q+PHZDT0ZJTlNTVD4wLjAwPC92
Q09GSU5TU1Q+PHZPdXRybz4wLjAwPC92T3V0cm8+PC9JQ01TVG90Pjx2Q0ZlPjYuMDA8L3ZDRmU+
PHZDRmVMZWkxMjc0MT4wLjcyPC92Q0ZlTGVpMTI3NDE+PC90b3RhbD48cGd0bz48TVA+PGNNUD4w
MTwvY01QPjx2TVA+Ni4wMDwvdk1QPjwvTVA+PHZUcm9jbz4wLjAwPC92VHJvY28+PC9wZ3RvPjxp
bmZBZGljPjxpbmZDcGw+U0FUIC0gVDJUaS5DT008L2luZkNwbD48L2luZkFkaWM+PC9pbmZDRmU+
PFNpZ25hdHVyZSB4bWxucz0iaHR0cDovL3d3dy53My5vcmcvMjAwMC8wOS94bWxkc2lnIyI+PFNp
Z25lZEluZm8+PENhbm9uaWNhbGl6YXRpb25NZXRob2QgQWxnb3JpdGhtPSJodHRwOi8vd3d3Lncz
Lm9yZy9UUi8yMDAxL1JFQy14bWwtYzE0bi0yMDAxMDMxNSIvPjxTaWduYXR1cmVNZXRob2QgQWxn
b3JpdGhtPSJodHRwOi8vd3d3LnczLm9yZy8yMDAxLzA0L3htbGRzaWctbW9yZSNyc2Etc2hhMjU2
Ii8+PFJlZmVyZW5jZSBVUkk9IiNDRmUzNTE2MDIxMTExMTExMTExMTExMTU5MTIzNDU2Nzg5MDAw
MDMzODkyMjc3MiI+PFRyYW5zZm9ybXM+PFRyYW5zZm9ybSBBbGdvcml0aG09Imh0dHA6Ly93d3cu
dzMub3JnLzIwMDAvMDkveG1sZHNpZyNlbnZlbG9wZWQtc2lnbmF0dXJlIi8+PFRyYW5zZm9ybSBB
bGdvcml0aG09Imh0dHA6Ly93d3cudzMub3JnL1RSLzIwMDEvUkVDLXhtbC1jMTRuLTIwMDEwMzE1
Ii8+PC9UcmFuc2Zvcm1zPjxEaWdlc3RNZXRob2QgQWxnb3JpdGhtPSJodHRwOi8vd3d3LnczLm9y
Zy8yMDAxLzA0L3htbGVuYyNzaGEyNTYiLz48RGlnZXN0VmFsdWU+clNISW5COXVWQ2dtaHk5QTRv
eURTOEpQd2ZUb3lOME11b25BclZXWUk2az08L0RpZ2VzdFZhbHVlPjwvUmVmZXJlbmNlPjwvU2ln
bmVkSW5mbz48U2lnbmF0dXJlVmFsdWU+djQrU0x3b3A0ZHAraHpwcmpTcmJwZ096amUzdXNoamFu
MVRVWVpnVGxxRjVOQkpCU1U0RUVkL01ydEJTU2FKZ08xdXlIOE5ITE5wQ0QxV0FDbEQyV1RhQzls
OTNNM3Q3K2VCVWs1Q2N3OWoyMk9wYW5GY1ZTOTFjZ1lKR1JxY3VPUG9NN2d2RXQyK0NuR0NLRWVw
M09mWDFnWnpFWjJNbEJGWXJsRGZyM1ZGMURrQmJTcTRqWlZsVk82R0g2cmtrcjQxcVBjYzhoSU1s
aFIybmFyZHN1YkozcUFwNkZXdEdRUFNXV3V2bStNODdKSjZuWUtyTlNVcE1iVVcvM0dITVJQVkQz
U3ptQWtUR1FGTDArb08yYVpiMk92OWhVNkdJVmVONk1FQk5ZdG5pdDlSd2ZKUnAyR1RxY0NWUDNr
eFFtUmx5LzVWeDlQck9rZGs0UzQzajl3PT08L1NpZ25hdHVyZVZhbHVlPjxLZXlJbmZvPjxYNTA5
RGF0YT48WDUwOUNlcnRpZmljYXRlPk1JSUN5VENDQWJHZ0F3SUJBZ0lJT2FSVndXdDVtbmN3RFFZ
SktvWklodmNOQVFFTEJRQXdEakVNTUFvR0ExVUVCaE1EVTBGVU1CNFhEVEUyTURFd056SXpNREF5
TTFvWERURTNNVEl5TnpJek1EQXlNMW93RGpFTU1Bb0dBMVVFQ3d3RFUwRlVNSUlCSWpBTkJna3Fo
a2lHOXcwQkFRRUZBQU9DQVE4QU1JSUJDZ0tDQVFFQTA4VHcrTnMvN0pDeTBhOHZFWVRxNmF3Q05k
amgwakxWYkswRGlPTHo3cEU0SXJHeHZJNk52OFBTZUZNWHFIZDJNa1JueTEvdEZyYTcrNXA2YXpF
cHJuNkJCSjJxcEpnaS9JKzlHSXFGUTZrUENxcG9wa0hGYVdBQnUrRDZpUnRKYm8yWG1ENnZ2WUx6
QVh4OVZTNllLNnFONVJFN003ckdVOEpiai83SytDNk54ZXI3bEpMeGRGWVFVdTB3L1BlYWpCbnp0
V3lZNS9lQTZiMjJJNndrRVh1bkt0OHdwU1oxM21xUW5OSlVJSWgrbmFLTE5SQkVTSUFDdEtTYVZD
WkxMWXNuOXdmTHBhUmlZM2k1bktRM1FQS24yNmtGMXBnWlNFcHJCa0lWTnFIOTdMZFgranJXNFBL
M0JIbWorWm1JZk10Yk9qUmZmandOWFVPRkF0Zm80d0lEQVFBQm95c3dLVEFuQmdOVkhSRUVJREFl
b0J3R0NDc0dBUVVGQndnRm9CQU1EbmQzZHk1ellYUXVZMjl0TG1KeU1BMEdDU3FHU0liM0RRRUJD
d1VBQTRJQkFRQjlmcnRWNTIzaWJEU0ptUUd1cEliZkpmSlZJQWRuTXI4T2UxNzFoTlpaRStnVVVi
MFRkaTFPSnhLcE9JdURUMXV4R29LZzZvb0hHdjBta090Ry9CbmpSeTd0a2pwejNwakVSaWhhcGds
UHpNWVNzRGF1K3dIcXJTMHV4ZW9ISFk3aGtoOWcxRWNzd2x2cWNQdy9sMXE1WGxJSGxNdUdpM0da
ZjlVVUdEWlZ6Vnoyc0xmeWd6L1NVYm42bEhlTmRWa1NLRktnTUFONGc1Tk5kOXVEdkMxVXV5SFY2
R3NkM3AvdUVKL3pxNEYxNlRubnpnYXo0akJFc2JMM24xTU1kVUZGT1EvbisySDJyNUpRY3Q0VXM5
dlIwT3djMGw4WXM0anFLUFFKTkN0M1dDNjE2aVFva2hqbGQwMEZ0TkFSUVAzUVkvSkVBdzN6Tmow
R0p6NnExYXFsPC9YNTA5Q2VydGlmaWNhdGU+PC9YNTA5RGF0YT48L0tleUluZm8+PC9TaWduYXR1
cmU+PC9DRmU+|20160204025400|CFe35160211111111111111591234567890000338922772|6.00||T5JKmxkfOFzDRDrGVkMUsRm2OtNFwtje2RInMbcNTOKrv80PgpK4gIrf/xIA7vwJdEP6jphculJStwv8vah66SZ65LDzxn5x6P7hMWQHq2z4l3BhIH4sriFaf6Ms9KX25gCWorGcq2El15fXmBw94qbDn1FvQIRoo/c63RYodabAhTXRZi+MfNXy68T7fYtZsc3k6dK7uSYrLjeID2SqKxzuWMIyvZ3F7qiyGW6DOpu1qAtZP2LH3qR4pPzHF+mSxqxkuqKppnMJkKJyR759LanLgWrsOJ0222mz5vrnnPiG50GzNNZqO5ixH164MaCUolrVs+NIJ1uhpoKi8JsXAA==
 - 02:54:29:028 - ACBrSAT.Inicializado
 - 03:23:41:256 - ACBrSAT.Inicializado
 - 13:58:39:526 - ACBrSAT.Inicializado
 - 14:08:20:434 - -- 14:08:20:434 - numeroSessao: 633988 - Comando: ConsultarStatusOperacional
 - 14:08:20:620 - NumeroSessao: 633988 - Resposta:633988|10000|Resposta com Sucesso.|||123456789|DHCP|127.127.127.100|22:d9:d0:45:17:02|255.255.000.000|127.127.127.100|127.127.127.100|127.127.127.100|CONECTADO|ALTO|1000.00|10.00|20160216140820|00.00.03|0.06|35160211111111111111591234567890000499362396|35160111111111111111591234567890000016173514|20160216140820|20160216140820|20160107|20171227|0
 - 14:12:46:278 - -- 14:12:46:278 - numeroSessao: 87555 - Comando: EnviarDadosVenda( <?xml version="1.0" encoding="UTF-8"?>
<CFe>
   <infCFe versaoDadosEnt="0.06">
      <ide>
         <CNPJ>11111111111111</CNPJ>
         <signAC>eije1111111111111111111111111111111111111111111111111111111111111111111111111111111111111111111111111111111111111111111111111111111111111111111111111111111111111111111111111111111111111111111111111111111111111111111111111111111111111111111111111111111111111111111111111111111111111111111111111111111111111111111111111111111111111111111111111111</signAC>
         <numeroCaixa>001</numeroCaixa>
      </ide>
      <emit>
         <CNPJ>11111111111111</CNPJ>
         <IE>111111111111</IE>
         <IM>123123</IM>
         <cRegTribISSQN>1</cRegTribISSQN>
         <indRatISSQN>N</indRatISSQN>
      </emit>
      <dest>
      </dest>
      <det nItem="1">
         <prod>
            <cProd>7896019606226</cProd>
            <cEAN>7896019606226</cEAN>
            <xProd>NOTA FISCAL EMITIDA EM AMBIENTE DE HOMOLOGACAO - SEM VALOR FISCAL</xProd>
            <NCM>17049010</NCM>
            <CFOP>5102</CFOP>
            <uCom>UN</uCom>
            <qCom>1.0000</qCom>
            <vUnCom>6.00</vUnCom>
            <indRegra>A</indRegra>
         </prod>
         <imposto>
            <vItem12741>0.72</vItem12741>
            <ICMS>
               <ICMSSN102>
                  <Orig>0</Orig>
                  <CSOSN>102</CSOSN>
               </ICMSSN102>
            </ICMS>
            <PIS>
               <PISSN>
                  <CST>49</CST>
               </PISSN>
            </PIS>
            <COFINS>
               <COFINSSN>
                  <CST>49</CST>
               </COFINSSN>
            </COFINS>
         </imposto>
      </det>
      <total>
         <DescAcrEntr>
            <vDescSubtot>3.00</vDescSubtot>
         </DescAcrEntr>
         <vCFeLei12741>0.72</vCFeLei12741>
      </total>
      <pgto>
         <MP>
            <cMP>01</cMP>
            <vMP>3.00</vMP>
         </MP>
      </pgto>
      <infAdic>
         <infCpl>SAT - T2Ti.COM</infCpl>
      </infAdic>
   </infCFe>
</CFe> )
 - 14:12:46:605 - NumeroSessao: 87555 - Resposta:087555|06000|0000|Emitido com sucesso + conteúdo notas|||PENGZT48aW5mQ0ZlIElkPSJDRmUzNTE2MDIxMTExMTExMTExMTExMTU5MTIzNDU2Nzg5MDAwMDUw
MjM4NTY4MSIgdmVyc2FvPSIwLjA2IiB2ZXJzYW9EYWRvc0VudD0iMC4wNiIgdmVyc2FvU0I9IjAw
MDAwMyI+PGlkZT48Y1VGPjM1PC9jVUY+PGNORj4yMzg1Njg8L2NORj48bW9kPjU5PC9tb2Q+PG5z
ZXJpZVNBVD4xMjM0NTY3ODk8L25zZXJpZVNBVD48bkNGZT4wMDAwNTA8L25DRmU+PGRFbWk+MjAx
NjAyMTY8L2RFbWk+PGhFbWk+MTQxMjQ2PC9oRW1pPjxjRFY+MTwvY0RWPjx0cEFtYj4yPC90cEFt
Yj48Q05QSj4xMTExMTExMTExMTExMTwvQ05QSj48c2lnbkFDPmVpamUxMTExMTExMTExMTExMTEx
MTExMTExMTExMTExMTExMTExMTExMTExMTExMTExMTExMTExMTExMTExMTExMTExMTExMTExMTEx
MTExMTExMTExMTExMTExMTExMTExMTExMTExMTExMTExMTExMTExMTExMTExMTExMTExMTExMTEx
MTExMTExMTExMTExMTExMTExMTExMTExMTExMTExMTExMTExMTExMTExMTExMTExMTExMTExMTEx
MTExMTExMTExMTExMTExMTExMTExMTExMTExMTExMTExMTExMTExMTExMTExMTExMTExMTExMTEx
MTExMTExMTExMTExMTExMTExMTExMTExMTExMTExMTExMTExMTExMTExMTExMTExMTExMTExMTEx
MTExMTExMTExMTExMTExMTExMTExMTExMTExMTExMTExMTExMTExPC9zaWduQUM+PGFzc2luYXR1
cmFRUkNPREU+aHZOZllCTUduLzhjQnpQdlpiazRVQm5sdzEzRnFFM1JBaUh0U3dmZ2UyMnAxYjMy
cHgxemRqNTNteE1vaFkvdmU3cEwrdytadVYvUzBiOGw0MmwxRzRUSW9sdEsrd2NRcmFOWm5LVm9F
emhhekFTb1haak0vSEF6Ry80dFFxYWpRQzY1K2luWFlxRlg3czQySXpZZGtaMVNOVFZaZG9uY0RB
ZmpaNXFpWHFqQTllcC91Ymd3YjJwQnlBR21adkFvMGd1MFlhR1JmSllSQ0FRN1h2VGR6VFZmZ0FI
a0d4ckc2ZXhSMzliNnBVREpnYUhWeURaOHU5RHJOTmowUDJhNkxRd2t3Umd3Rk1RRDNTWnJpU2tX
YWc4NENkeW9Pc0FsVk5JSWFPNlpEYWtzcmUxQTNGenpXUWYwRHJjeWtlK3FHejVIVDhYM0xkRXFT
d1VoZHZYYklRPT08L2Fzc2luYXR1cmFRUkNPREU+PG51bWVyb0NhaXhhPjAwMTwvbnVtZXJvQ2Fp
eGE+PC9pZGU+PGVtaXQ+PENOUEo+MTExMTExMTExMTExMTE8L0NOUEo+PHhOb21lPkVzdGFiZWxl
Y2ltZW50byBkZSBUZXN0ZSAyPC94Tm9tZT48eEZhbnQ+RXN0YWJlbGVjaW1lbnRvIEZhbnRhc2lh
IDI8L3hGYW50PjxlbmRlckVtaXQ+PHhMZ3I+cnVhIGRhcyBmbG9yZXM8L3hMZ3I+PG5ybz4xMDA1
PC9ucm8+PHhDcGw+ZnJlbnRlPC94Q3BsPjx4QmFpcnJvPmNlbnRybzwveEJhaXJybz48eE11bj5T
YW8gUGF1bG88L3hNdW4+PENFUD4wMDAwMDAwMDwvQ0VQPjwvZW5kZXJFbWl0PjxJRT4xMTExMTEx
MTExMTE8L0lFPjxJTT4xMjMxMjM8L0lNPjxjUmVnVHJpYj4zPC9jUmVnVHJpYj48Y1JlZ1RyaWJJ
U1NRTj4xPC9jUmVnVHJpYklTU1FOPjxpbmRSYXRJU1NRTj5OPC9pbmRSYXRJU1NRTj48L2VtaXQ+
PGRlc3QvPjxkZXQgbkl0ZW09IjEiPjxwcm9kPjxjUHJvZD43ODk2MDE5NjA2MjI2PC9jUHJvZD48
Y0VBTj43ODk2MDE5NjA2MjI2PC9jRUFOPjx4UHJvZD5OT1RBIEZJU0NBTCBFTUlUSURBIEVNIEFN
QklFTlRFIERFIEhPTU9MT0dBQ0FPIC0gU0VNIFZBTE9SIEZJU0NBTDwveFByb2Q+PE5DTT4xNzA0
OTAxMDwvTkNNPjxDRk9QPjUxMDI8L0NGT1A+PHVDb20+VU48L3VDb20+PHFDb20+MS4wMDAwPC9x
Q29tPjx2VW5Db20+Ni4wMDwvdlVuQ29tPjx2UHJvZD42LjAwPC92UHJvZD48aW5kUmVncmE+QTwv
aW5kUmVncmE+PHZJdGVtPjMuMDA8L3ZJdGVtPjx2UmF0RGVzYz4zLjAwPC92UmF0RGVzYz48L3By
b2Q+PGltcG9zdG8+PHZJdGVtMTI3NDE+MC43Mjwvdkl0ZW0xMjc0MT48SUNNUz48SUNNU1NOMTAy
PjxPcmlnPjA8L09yaWc+PENTT1NOPjEwMjwvQ1NPU04+PC9JQ01TU04xMDI+PC9JQ01TPjxQSVM+
PFBJU1NOPjxDU1Q+NDk8L0NTVD48L1BJU1NOPjwvUElTPjxDT0ZJTlM+PENPRklOU1NOPjxDU1Q+
NDk8L0NTVD48L0NPRklOU1NOPjwvQ09GSU5TPjwvaW1wb3N0bz48L2RldD48dG90YWw+PElDTVNU
b3Q+PHZJQ01TPjAuMDA8L3ZJQ01TPjx2UHJvZD42LjAwPC92UHJvZD48dkRlc2M+MC4wMDwvdkRl
c2M+PHZQSVM+MC4wMDwvdlBJUz48dkNPRklOUz4wLjAwPC92Q09GSU5TPjx2UElTU1Q+MC4wMDwv
dlBJU1NUPjx2Q09GSU5TU1Q+MC4wMDwvdkNPRklOU1NUPjx2T3V0cm8+MC4wMDwvdk91dHJvPjwv
SUNNU1RvdD48dkNGZT4zLjAwPC92Q0ZlPjxEZXNjQWNyRW50cj48dkRlc2NTdWJ0b3Q+My4wMDwv
dkRlc2NTdWJ0b3Q+PC9EZXNjQWNyRW50cj48dkNGZUxlaTEyNzQxPjAuNzI8L3ZDRmVMZWkxMjc0
MT48L3RvdGFsPjxwZ3RvPjxNUD48Y01QPjAxPC9jTVA+PHZNUD4zLjAwPC92TVA+PC9NUD48dlRy
b2NvPjAuMDA8L3ZUcm9jbz48L3BndG8+PGluZkFkaWM+PGluZkNwbD5TQVQgLSBUMlRpLkNPTTwv
aW5mQ3BsPjwvaW5mQWRpYz48L2luZkNGZT48U2lnbmF0dXJlIHhtbG5zPSJodHRwOi8vd3d3Lncz
Lm9yZy8yMDAwLzA5L3htbGRzaWcjIj48U2lnbmVkSW5mbz48Q2Fub25pY2FsaXphdGlvbk1ldGhv
ZCBBbGdvcml0aG09Imh0dHA6Ly93d3cudzMub3JnL1RSLzIwMDEvUkVDLXhtbC1jMTRuLTIwMDEw
MzE1Ii8+PFNpZ25hdHVyZU1ldGhvZCBBbGdvcml0aG09Imh0dHA6Ly93d3cudzMub3JnLzIwMDEv
MDQveG1sZHNpZy1tb3JlI3JzYS1zaGEyNTYiLz48UmVmZXJlbmNlIFVSST0iI0NGZTM1MTYwMjEx
MTExMTExMTExMTExNTkxMjM0NTY3ODkwMDAwNTAyMzg1NjgxIj48VHJhbnNmb3Jtcz48VHJhbnNm
b3JtIEFsZ29yaXRobT0iaHR0cDovL3d3dy53My5vcmcvMjAwMC8wOS94bWxkc2lnI2VudmVsb3Bl
ZC1zaWduYXR1cmUiLz48VHJhbnNmb3JtIEFsZ29yaXRobT0iaHR0cDovL3d3dy53My5vcmcvVFIv
MjAwMS9SRUMteG1sLWMxNG4tMjAwMTAzMTUiLz48L1RyYW5zZm9ybXM+PERpZ2VzdE1ldGhvZCBB
bGdvcml0aG09Imh0dHA6Ly93d3cudzMub3JnLzIwMDEvMDQveG1sZW5jI3NoYTI1NiIvPjxEaWdl
c3RWYWx1ZT5oTUorbDEraDdsVEJKbFJvV0pWQWZYemdhNTl5NlBHVFNzeEJYU2NQUVJJPTwvRGln
ZXN0VmFsdWU+PC9SZWZlcmVuY2U+PC9TaWduZWRJbmZvPjxTaWduYXR1cmVWYWx1ZT5FczhFNmxK
NFZjNGJPRU04RlNxWUpzT0VxbkhjUEhMVHk4RG4vN2oyQklnUW56L3U2a2YvbFBmNVJuU09DQkRm
ellpV0J5TmkwRURjZ1BteWZrTjFCNTM5RXNFY09KR3IrbFIxQjQrL2hWRFlLaE1pbEd5aEZvNkt3
RFBPQ0FSUDNYcm9mZGpqclN3QnE3MUJ2a0xsWVdDK1dGTDZuOUw1RHFPTG5sVE5RcEFUbWtkWVBq
d0lZenNrOG9PanFJbW94ZTFkeGxEQ21Wdi9hYU0xM1k0YndNUEwrczdjL01kTUZaWjhvUzQ4RWRG
QnVaOWVXTXUrbVBvaG45K2lDbW9rcGt0eWVZdmE3elFkc1l2azJiMjNpU3VLNllvK0ZIbFBNRERO
cmlrKy9XL2lKOE5ZLzNKU0N1eTRyRzlBazhqS2VTQS94eFMyTnpaNG1wcXR5UVFjQ0E9PTwvU2ln
bmF0dXJlVmFsdWU+PEtleUluZm8+PFg1MDlEYXRhPjxYNTA5Q2VydGlmaWNhdGU+TUlJQ3lUQ0NB
YkdnQXdJQkFnSUlPYVJWd1d0NW1uY3dEUVlKS29aSWh2Y05BUUVMQlFBd0RqRU1NQW9HQTFVRUJo
TURVMEZVTUI0WERURTJNREV3TnpJek1EQXlNMW9YRFRFM01USXlOekl6TURBeU0xb3dEakVNTUFv
R0ExVUVDd3dEVTBGVU1JSUJJakFOQmdrcWhraUc5dzBCQVFFRkFBT0NBUThBTUlJQkNnS0NBUUVB
MDhUdytOcy83SkN5MGE4dkVZVHE2YXdDTmRqaDBqTFZiSzBEaU9MejdwRTRJckd4dkk2TnY4UFNl
Rk1YcUhkMk1rUm55MS90RnJhNys1cDZhekVwcm42QkJKMnFwSmdpL0krOUdJcUZRNmtQQ3Fwb3Br
SEZhV0FCdStENmlSdEpibzJYbUQ2dnZZTHpBWHg5VlM2WUs2cU41UkU3TTdyR1U4SmJqLzdLK0M2
TnhlcjdsSkx4ZEZZUVV1MHcvUGVhakJuenRXeVk1L2VBNmIyMkk2d2tFWHVuS3Q4d3BTWjEzbXFR
bk5KVUlJaCtuYUtMTlJCRVNJQUN0S1NhVkNaTExZc245d2ZMcGFSaVkzaTVuS1EzUVBLbjI2a0Yx
cGdaU0VwckJrSVZOcUg5N0xkWCtqclc0UEszQkhtaitabUlmTXRiT2pSZmZqd05YVU9GQXRmbzR3
SURBUUFCb3lzd0tUQW5CZ05WSFJFRUlEQWVvQndHQ0NzR0FRVUZCd2dGb0JBTURuZDNkeTV6WVhR
dVkyOXRMbUp5TUEwR0NTcUdTSWIzRFFFQkN3VUFBNElCQVFCOWZydFY1MjNpYkRTSm1RR3VwSWJm
SmZKVklBZG5NcjhPZTE3MWhOWlpFK2dVVWIwVGRpMU9KeEtwT0l1RFQxdXhHb0tnNm9vSEd2MG1r
T3RHL0JualJ5N3RranB6M3BqRVJpaGFwZ2xQek1ZU3NEYXUrd0hxclMwdXhlb0hIWTdoa2g5ZzFF
Y3N3bHZxY1B3L2wxcTVYbElIbE11R2kzR1pmOVVVR0RaVnpWejJzTGZ5Z3ovU1VibjZsSGVOZFZr
U0tGS2dNQU40ZzVOTmQ5dUR2QzFVdXlIVjZHc2QzcC91RUovenE0RjE2VG5uemdhejRqQkVzYkwz
bjFNTWRVRkZPUS9uKzJIMnI1SlFjdDRVczl2UjBPd2MwbDhZczRqcUtQUUpOQ3QzV0M2MTZpUW9r
aGpsZDAwRnROQVJRUDNRWS9KRUF3M3pOajBHSno2cTFhcWw8L1g1MDlDZXJ0aWZpY2F0ZT48L1g1
MDlEYXRhPjwvS2V5SW5mbz48L1NpZ25hdHVyZT48L0NGZT4=|20160216141246|CFe35160211111111111111591234567890000502385681|3.00||hvNfYBMGn/8cBzPvZbk4UBnlw13FqE3RAiHtSwfge22p1b32px1zdj53mxMohY/ve7pL+w+ZuV/S0b8l42l1G4TIoltK+wcQraNZnKVoEzhazASoXZjM/HAzG/4tQqajQC65+inXYqFX7s42IzYdkZ1SNTVZdoncDAfjZ5qiXqjA9ep/ubgwb2pByAGmZvAo0gu0YaGRfJYRCAQ7XvTdzTVfgAHkGxrG6exR39b6pUDJgaHVyDZ8u9DrNNj0P2a6LQwkwRgwFMQD3SZriSkWag84CdyoOsAlVNIIaO6ZDaksre1A3FzzWQf0Drcyke+qGz5HT8X3LdEqSwUhdvXbIQ==
 - 02:05:30:752 - ACBrSAT.Inicializado
 - 02:06:14:283 - -- 02:06:14:283 - numeroSessao: 967577 - Comando: EnviarDadosVenda( <?xml version="1.0" encoding="UTF-8"?>
<CFe>
   <infCFe versaoDadosEnt="0.06">
      <ide>
         <CNPJ>11111111111111</CNPJ>
         <signAC>eije1111111111111111111111111111111111111111111111111111111111111111111111111111111111111111111111111111111111111111111111111111111111111111111111111111111111111111111111111111111111111111111111111111111111111111111111111111111111111111111111111111111111111111111111111111111111111111111111111111111111111111111111111111111111111111111111111111</signAC>
         <numeroCaixa>001</numeroCaixa>
      </ide>
      <emit>
         <CNPJ>11111111111111</CNPJ>
         <IE>111111111111</IE>
         <IM>123123</IM>
         <cRegTribISSQN>1</cRegTribISSQN>
         <indRatISSQN>N</indRatISSQN>
      </emit>
      <dest>
         <CPF>11111111111</CPF>
         <xNome>TESTE PESSOA FISICA</xNome>
      </dest>
      <det nItem="1">
         <prod>
            <cProd>7896019606226</cProd>
            <cEAN>7896019606226</cEAN>
            <xProd>NOTA FISCAL EMITIDA EM AMBIENTE DE HOMOLOGACAO - SEM VALOR FISCAL</xProd>
            <NCM>17049010</NCM>
            <CFOP>5102</CFOP>
            <uCom>UN</uCom>
            <qCom>1.0000</qCom>
            <vUnCom>6.00</vUnCom>
            <indRegra>A</indRegra>
         </prod>
         <imposto>
            <vItem12741>0.72</vItem12741>
            <ICMS>
               <ICMSSN102>
                  <Orig>0</Orig>
                  <CSOSN>102</CSOSN>
               </ICMSSN102>
            </ICMS>
            <PIS>
               <PISSN>
                  <CST>49</CST>
               </PISSN>
            </PIS>
            <COFINS>
               <COFINSSN>
                  <CST>49</CST>
               </COFINSSN>
            </COFINS>
         </imposto>
      </det>
      <total>
         <vCFeLei12741>0.72</vCFeLei12741>
      </total>
      <pgto>
         <MP>
            <cMP>01</cMP>
            <vMP>6.00</vMP>
         </MP>
      </pgto>
      <infAdic>
         <infCpl>SAT - T2Ti.COM</infCpl>
      </infAdic>
   </infCFe>
</CFe> )
 - 02:06:14:642 - NumeroSessao: 967577 - Resposta:967577|06000|0000|Emitido com sucesso + conteúdo notas|||PENGZT48aW5mQ0ZlIElkPSJDRmUzNTE2MDIxMTExMTExMTExMTExMTU5MTIzNDU2Nzg5MDAwMDU3
Mjg5NTcxOSIgdmVyc2FvPSIwLjA2IiB2ZXJzYW9EYWRvc0VudD0iMC4wNiIgdmVyc2FvU0I9IjAw
MDAwMyI+PGlkZT48Y1VGPjM1PC9jVUY+PGNORj4yODk1NzE8L2NORj48bW9kPjU5PC9tb2Q+PG5z
ZXJpZVNBVD4xMjM0NTY3ODk8L25zZXJpZVNBVD48bkNGZT4wMDAwNTc8L25DRmU+PGRFbWk+MjAx
NjAyMTg8L2RFbWk+PGhFbWk+MDIwNjE0PC9oRW1pPjxjRFY+OTwvY0RWPjx0cEFtYj4yPC90cEFt
Yj48Q05QSj4xMTExMTExMTExMTExMTwvQ05QSj48c2lnbkFDPmVpamUxMTExMTExMTExMTExMTEx
MTExMTExMTExMTExMTExMTExMTExMTExMTExMTExMTExMTExMTExMTExMTExMTExMTExMTExMTEx
MTExMTExMTExMTExMTExMTExMTExMTExMTExMTExMTExMTExMTExMTExMTExMTExMTExMTExMTEx
MTExMTExMTExMTExMTExMTExMTExMTExMTExMTExMTExMTExMTExMTExMTExMTExMTExMTExMTEx
MTExMTExMTExMTExMTExMTExMTExMTExMTExMTExMTExMTExMTExMTExMTExMTExMTExMTExMTEx
MTExMTExMTExMTExMTExMTExMTExMTExMTExMTExMTExMTExMTExMTExMTExMTExMTExMTExMTEx
MTExMTExMTExMTExMTExMTExMTExMTExMTExMTExMTExMTExMTExPC9zaWduQUM+PGFzc2luYXR1
cmFRUkNPREU+c3lNOUVlK2RRcE9WdjAxS0FQblNFUDZ2ODdrc0JmQW5iOU9uZlhVMlpYbjN5Yiti
b3hZZk03cEtKQXNKZXR4a3c3UFZPV1FPbWM0aWRNNWwxK1V3T3NvV0NtWHV2S1JLUmRUNVRZdzha
RnJYNitsbkN5SzBRRzhKUjhON0xxNVR0Zngrcld6aGRvL0JDWWRXV1p3ZlJFWVpQbE9LY3dxM2hB
c1BvbmlFcWxBKzc1TWlFRGVlZEh6NXdTWkdaNStiRzlEMERZZXhQN2RscGdVdlNrTHhqbDV6RG40
TElFWjFpL2NxUlorOXp1eTJ5ZUxGNXJOaDRBWlNmV1JOcDBLVVdiWFpYWlNtMlROMGc4aWpqdmlU
S0c3eUxpcndEVE5oZThjbDJRTUVzQzNaa1BhRm5uOVV2RTlmRHlVdzRMSlZhUVh5VGlEZDR5aFZx
WGlBbTc4ckJ3PT08L2Fzc2luYXR1cmFRUkNPREU+PG51bWVyb0NhaXhhPjAwMTwvbnVtZXJvQ2Fp
eGE+PC9pZGU+PGVtaXQ+PENOUEo+MTExMTExMTExMTExMTE8L0NOUEo+PHhOb21lPkVzdGFiZWxl
Y2ltZW50byBkZSBUZXN0ZSAyPC94Tm9tZT48eEZhbnQ+RXN0YWJlbGVjaW1lbnRvIEZhbnRhc2lh
IDI8L3hGYW50PjxlbmRlckVtaXQ+PHhMZ3I+cnVhIGRhcyBmbG9yZXM8L3hMZ3I+PG5ybz4xMDA1
PC9ucm8+PHhDcGw+ZnJlbnRlPC94Q3BsPjx4QmFpcnJvPmNlbnRybzwveEJhaXJybz48eE11bj5T
YW8gUGF1bG88L3hNdW4+PENFUD4wMDAwMDAwMDwvQ0VQPjwvZW5kZXJFbWl0PjxJRT4xMTExMTEx
MTExMTE8L0lFPjxJTT4xMjMxMjM8L0lNPjxjUmVnVHJpYj4zPC9jUmVnVHJpYj48Y1JlZ1RyaWJJ
U1NRTj4xPC9jUmVnVHJpYklTU1FOPjxpbmRSYXRJU1NRTj5OPC9pbmRSYXRJU1NRTj48L2VtaXQ+
PGRlc3Q+PENQRj4xMTExMTExMTExMTwvQ1BGPjx4Tm9tZT5URVNURSBQRVNTT0EgRklTSUNBPC94
Tm9tZT48L2Rlc3Q+PGRldCBuSXRlbT0iMSI+PHByb2Q+PGNQcm9kPjc4OTYwMTk2MDYyMjY8L2NQ
cm9kPjxjRUFOPjc4OTYwMTk2MDYyMjY8L2NFQU4+PHhQcm9kPk5PVEEgRklTQ0FMIEVNSVRJREEg
RU0gQU1CSUVOVEUgREUgSE9NT0xPR0FDQU8gLSBTRU0gVkFMT1IgRklTQ0FMPC94UHJvZD48TkNN
PjE3MDQ5MDEwPC9OQ00+PENGT1A+NTEwMjwvQ0ZPUD48dUNvbT5VTjwvdUNvbT48cUNvbT4xLjAw
MDA8L3FDb20+PHZVbkNvbT42LjAwPC92VW5Db20+PHZQcm9kPjYuMDA8L3ZQcm9kPjxpbmRSZWdy
YT5BPC9pbmRSZWdyYT48dkl0ZW0+Ni4wMDwvdkl0ZW0+PC9wcm9kPjxpbXBvc3RvPjx2SXRlbTEy
NzQxPjAuNzI8L3ZJdGVtMTI3NDE+PElDTVM+PElDTVNTTjEwMj48T3JpZz4wPC9PcmlnPjxDU09T
Tj4xMDI8L0NTT1NOPjwvSUNNU1NOMTAyPjwvSUNNUz48UElTPjxQSVNTTj48Q1NUPjQ5PC9DU1Q+
PC9QSVNTTj48L1BJUz48Q09GSU5TPjxDT0ZJTlNTTj48Q1NUPjQ5PC9DU1Q+PC9DT0ZJTlNTTj48
L0NPRklOUz48L2ltcG9zdG8+PC9kZXQ+PHRvdGFsPjxJQ01TVG90Pjx2SUNNUz4wLjAwPC92SUNN
Uz48dlByb2Q+Ni4wMDwvdlByb2Q+PHZEZXNjPjAuMDA8L3ZEZXNjPjx2UElTPjAuMDA8L3ZQSVM+
PHZDT0ZJTlM+MC4wMDwvdkNPRklOUz48dlBJU1NUPjAuMDA8L3ZQSVNTVD48dkNPRklOU1NUPjAu
MDA8L3ZDT0ZJTlNTVD48dk91dHJvPjAuMDA8L3ZPdXRybz48L0lDTVNUb3Q+PHZDRmU+Ni4wMDwv
dkNGZT48dkNGZUxlaTEyNzQxPjAuNzI8L3ZDRmVMZWkxMjc0MT48L3RvdGFsPjxwZ3RvPjxNUD48
Y01QPjAxPC9jTVA+PHZNUD42LjAwPC92TVA+PC9NUD48dlRyb2NvPjAuMDA8L3ZUcm9jbz48L3Bn
dG8+PGluZkFkaWM+PGluZkNwbD5TQVQgLSBUMlRpLkNPTTwvaW5mQ3BsPjwvaW5mQWRpYz48L2lu
ZkNGZT48U2lnbmF0dXJlIHhtbG5zPSJodHRwOi8vd3d3LnczLm9yZy8yMDAwLzA5L3htbGRzaWcj
Ij48U2lnbmVkSW5mbz48Q2Fub25pY2FsaXphdGlvbk1ldGhvZCBBbGdvcml0aG09Imh0dHA6Ly93
d3cudzMub3JnL1RSLzIwMDEvUkVDLXhtbC1jMTRuLTIwMDEwMzE1Ii8+PFNpZ25hdHVyZU1ldGhv
ZCBBbGdvcml0aG09Imh0dHA6Ly93d3cudzMub3JnLzIwMDEvMDQveG1sZHNpZy1tb3JlI3JzYS1z
aGEyNTYiLz48UmVmZXJlbmNlIFVSST0iI0NGZTM1MTYwMjExMTExMTExMTExMTExNTkxMjM0NTY3
ODkwMDAwNTcyODk1NzE5Ij48VHJhbnNmb3Jtcz48VHJhbnNmb3JtIEFsZ29yaXRobT0iaHR0cDov
L3d3dy53My5vcmcvMjAwMC8wOS94bWxkc2lnI2VudmVsb3BlZC1zaWduYXR1cmUiLz48VHJhbnNm
b3JtIEFsZ29yaXRobT0iaHR0cDovL3d3dy53My5vcmcvVFIvMjAwMS9SRUMteG1sLWMxNG4tMjAw
MTAzMTUiLz48L1RyYW5zZm9ybXM+PERpZ2VzdE1ldGhvZCBBbGdvcml0aG09Imh0dHA6Ly93d3cu
dzMub3JnLzIwMDEvMDQveG1sZW5jI3NoYTI1NiIvPjxEaWdlc3RWYWx1ZT55WnpTN2tVVUh2dDhy
T1dwNWl3RlpLdUZ3QWVnVVFiMHZYNFNOeiswQ1BnPTwvRGlnZXN0VmFsdWU+PC9SZWZlcmVuY2U+
PC9TaWduZWRJbmZvPjxTaWduYXR1cmVWYWx1ZT50dkNKaFpQaWIzcHNSazZvaFluWXdvb0RYdUJu
YXhLTWE2bzhZRUZWTjd1U2FlTGJUeGtlSDZiSjFwa3BRcjNkVmg5U0FFajlNVXI3eHRBMGg0UFVa
b29UbTFaWHVBVTVaL2dSdXBBZnljM1hVZ1BWTkZnQXBjKzUzdzArWkVGenlsdlBvYnNsV0dtNUVn
eVRNNENtcG40RGFHanJiTUxjUTRvd0lsUnNnTzhpdWg2UkxmRVYxMmcreEZYZ3VKbXlrRWF5Zm5Z
bVlkMkYrbWxLaTVMYWdzaEVjb0VBczhIMUVuZDlUc2R6d2l0ZWp4d1ArS0lJN3lKYzhXc0ZDbGZh
T3dTK2lKZU43TTRQZ21RVnh4M29kbHVYY0hPQ3l1dGc4aXlQVjh2V2hNbUhFSWs3bXJiZEZDNDNM
MWcvRVUyWGNaVXFFRnQ2dEZ4ZWxEZXhQcUREcnc9PTwvU2lnbmF0dXJlVmFsdWU+PEtleUluZm8+
PFg1MDlEYXRhPjxYNTA5Q2VydGlmaWNhdGU+TUlJQ3lUQ0NBYkdnQXdJQkFnSUlPYVJWd1d0NW1u
Y3dEUVlKS29aSWh2Y05BUUVMQlFBd0RqRU1NQW9HQTFVRUJoTURVMEZVTUI0WERURTJNREV3TnpJ
ek1EQXlNMW9YRFRFM01USXlOekl6TURBeU0xb3dEakVNTUFvR0ExVUVDd3dEVTBGVU1JSUJJakFO
QmdrcWhraUc5dzBCQVFFRkFBT0NBUThBTUlJQkNnS0NBUUVBMDhUdytOcy83SkN5MGE4dkVZVHE2
YXdDTmRqaDBqTFZiSzBEaU9MejdwRTRJckd4dkk2TnY4UFNlRk1YcUhkMk1rUm55MS90RnJhNys1
cDZhekVwcm42QkJKMnFwSmdpL0krOUdJcUZRNmtQQ3Fwb3BrSEZhV0FCdStENmlSdEpibzJYbUQ2
dnZZTHpBWHg5VlM2WUs2cU41UkU3TTdyR1U4SmJqLzdLK0M2TnhlcjdsSkx4ZEZZUVV1MHcvUGVh
akJuenRXeVk1L2VBNmIyMkk2d2tFWHVuS3Q4d3BTWjEzbXFRbk5KVUlJaCtuYUtMTlJCRVNJQUN0
S1NhVkNaTExZc245d2ZMcGFSaVkzaTVuS1EzUVBLbjI2a0YxcGdaU0VwckJrSVZOcUg5N0xkWCtq
clc0UEszQkhtaitabUlmTXRiT2pSZmZqd05YVU9GQXRmbzR3SURBUUFCb3lzd0tUQW5CZ05WSFJF
RUlEQWVvQndHQ0NzR0FRVUZCd2dGb0JBTURuZDNkeTV6WVhRdVkyOXRMbUp5TUEwR0NTcUdTSWIz
RFFFQkN3VUFBNElCQVFCOWZydFY1MjNpYkRTSm1RR3VwSWJmSmZKVklBZG5NcjhPZTE3MWhOWlpF
K2dVVWIwVGRpMU9KeEtwT0l1RFQxdXhHb0tnNm9vSEd2MG1rT3RHL0JualJ5N3RranB6M3BqRVJp
aGFwZ2xQek1ZU3NEYXUrd0hxclMwdXhlb0hIWTdoa2g5ZzFFY3N3bHZxY1B3L2wxcTVYbElIbE11
R2kzR1pmOVVVR0RaVnpWejJzTGZ5Z3ovU1VibjZsSGVOZFZrU0tGS2dNQU40ZzVOTmQ5dUR2QzFV
dXlIVjZHc2QzcC91RUovenE0RjE2VG5uemdhejRqQkVzYkwzbjFNTWRVRkZPUS9uKzJIMnI1SlFj
dDRVczl2UjBPd2MwbDhZczRqcUtQUUpOQ3QzV0M2MTZpUW9raGpsZDAwRnROQVJRUDNRWS9KRUF3
M3pOajBHSno2cTFhcWw8L1g1MDlDZXJ0aWZpY2F0ZT48L1g1MDlEYXRhPjwvS2V5SW5mbz48L1Np
Z25hdHVyZT48L0NGZT4=|20160218020614|CFe35160211111111111111591234567890000572895719|6.00|11111111111|syM9Ee+dQpOVv01KAPnSEP6v87ksBfAnb9OnfXU2ZXn3yb+boxYfM7pKJAsJetxkw7PVOWQOmc4idM5l1+UwOsoWCmXuvKRKRdT5TYw8ZFrX6+lnCyK0QG8JR8N7Lq5Ttfx+rWzhdo/BCYdWWZwfREYZPlOKcwq3hAsPoniEqlA+75MiEDeedHz5wSZGZ5+bG9D0DYexP7dlpgUvSkLxjl5zDn4LIEZ1i/cqRZ+9zuy2yeLF5rNh4AZSfWRNp0KUWbXZXZSm2TN0g8ijjviTKG7yLirwDTNhe8cl2QMEsC3ZkPaFnn9UvE9fDyUw4LJVaQXyTiDd4yhVqXiAm78rBw==
 - 02:06:42:472 - -- 02:06:42:472 - numeroSessao: 765865 - Comando: ConsultarSAT
 - 02:06:42:643 - NumeroSessao: 765865 - Resposta:765865|08000|SAT-CFe em operação.||
 - 02:06:49:220 - -- 02:06:49:220 - numeroSessao: 32275 - Comando: ConsultarStatusOperacional
 - 02:06:49:392 - NumeroSessao: 32275 - Resposta:032275|10000|Resposta com Sucesso.|||123456789|DHCP|127.127.127.100|22:d9:d0:45:17:02|255.255.000.000|127.127.127.100|127.127.127.100|127.127.127.100|CONECTADO|ALTO|1000.00|10.00|20160218020649|00.00.03|0.06|35160211111111111111591234567890000572895719|35160111111111111111591234567890000016173514|20160218020649|20160218020649|20160107|20171227|0
